{"/Users/tylerhoran/mentor/frontend/src/App.tsx": {"path":"/Users/tylerhoran/mentor/frontend/src/App.tsx","all":false,"statementMap":{"0":{"start":{"line":1,"column":0},"end":{"line":1,"column":58}},"1":{"start":{"line":2,"column":0},"end":{"line":2,"column":44}},"2":{"start":{"line":3,"column":0},"end":{"line":3,"column":0}},"3":{"start":{"line":4,"column":0},"end":{"line":4,"column":8}},"4":{"start":{"line":5,"column":0},"end":{"line":5,"column":38}},"5":{"start":{"line":6,"column":0},"end":{"line":6,"column":44}},"6":{"start":{"line":7,"column":0},"end":{"line":7,"column":56}},"7":{"start":{"line":8,"column":0},"end":{"line":8,"column":57}},"8":{"start":{"line":9,"column":0},"end":{"line":9,"column":53}},"9":{"start":{"line":10,"column":0},"end":{"line":10,"column":49}},"10":{"start":{"line":11,"column":0},"end":{"line":11,"column":55}},"11":{"start":{"line":12,"column":0},"end":{"line":12,"column":54}},"12":{"start":{"line":13,"column":0},"end":{"line":13,"column":52}},"13":{"start":{"line":14,"column":0},"end":{"line":14,"column":0}},"14":{"start":{"line":15,"column":0},"end":{"line":15,"column":13}},"15":{"start":{"line":16,"column":0},"end":{"line":16,"column":49}},"16":{"start":{"line":17,"column":0},"end":{"line":17,"column":0}},"17":{"start":{"line":18,"column":0},"end":{"line":18,"column":25}},"18":{"start":{"line":19,"column":0},"end":{"line":19,"column":11}},"19":{"start":{"line":20,"column":0},"end":{"line":20,"column":14}},"20":{"start":{"line":21,"column":0},"end":{"line":21,"column":4}},"21":{"start":{"line":22,"column":0},"end":{"line":22,"column":27}},"22":{"start":{"line":23,"column":0},"end":{"line":23,"column":25}},"23":{"start":{"line":24,"column":0},"end":{"line":24,"column":4}},"24":{"start":{"line":25,"column":0},"end":{"line":25,"column":50}},"25":{"start":{"line":26,"column":0},"end":{"line":26,"column":0}},"26":{"start":{"line":27,"column":0},"end":{"line":27,"column":25}},"27":{"start":{"line":28,"column":0},"end":{"line":28,"column":43}},"28":{"start":{"line":29,"column":0},"end":{"line":29,"column":3}},"29":{"start":{"line":30,"column":0},"end":{"line":30,"column":0}},"30":{"start":{"line":31,"column":0},"end":{"line":31,"column":66}},"31":{"start":{"line":32,"column":0},"end":{"line":32,"column":38}},"32":{"start":{"line":33,"column":0},"end":{"line":33,"column":3}},"33":{"start":{"line":34,"column":0},"end":{"line":34,"column":0}},"34":{"start":{"line":35,"column":0},"end":{"line":35,"column":24}},"35":{"start":{"line":36,"column":0},"end":{"line":36,"column":1}},"36":{"start":{"line":37,"column":0},"end":{"line":37,"column":0}},"37":{"start":{"line":38,"column":0},"end":{"line":38,"column":16}},"38":{"start":{"line":39,"column":0},"end":{"line":39,"column":50}},"39":{"start":{"line":40,"column":0},"end":{"line":40,"column":0}},"40":{"start":{"line":41,"column":0},"end":{"line":41,"column":10}},"41":{"start":{"line":42,"column":0},"end":{"line":42,"column":48}},"42":{"start":{"line":43,"column":0},"end":{"line":43,"column":14}},"43":{"start":{"line":44,"column":0},"end":{"line":44,"column":27}},"44":{"start":{"line":45,"column":0},"end":{"line":45,"column":51}},"45":{"start":{"line":46,"column":0},"end":{"line":46,"column":57}},"46":{"start":{"line":47,"column":0},"end":{"line":47,"column":0}},"47":{"start":{"line":48,"column":0},"end":{"line":48,"column":30}},"48":{"start":{"line":49,"column":0},"end":{"line":49,"column":14}},"49":{"start":{"line":50,"column":0},"end":{"line":50,"column":25}},"50":{"start":{"line":51,"column":0},"end":{"line":51,"column":19}},"51":{"start":{"line":52,"column":0},"end":{"line":52,"column":64}},"52":{"start":{"line":53,"column":0},"end":{"line":53,"column":34}},"53":{"start":{"line":54,"column":0},"end":{"line":54,"column":29}},"54":{"start":{"line":55,"column":0},"end":{"line":55,"column":11}},"55":{"start":{"line":56,"column":0},"end":{"line":56,"column":10}},"56":{"start":{"line":57,"column":0},"end":{"line":57,"column":14}},"57":{"start":{"line":58,"column":0},"end":{"line":58,"column":42}},"58":{"start":{"line":59,"column":0},"end":{"line":59,"column":19}},"59":{"start":{"line":60,"column":0},"end":{"line":60,"column":64}},"60":{"start":{"line":61,"column":0},"end":{"line":61,"column":31}},"61":{"start":{"line":62,"column":0},"end":{"line":62,"column":29}},"62":{"start":{"line":63,"column":0},"end":{"line":63,"column":11}},"63":{"start":{"line":64,"column":0},"end":{"line":64,"column":10}},"64":{"start":{"line":65,"column":0},"end":{"line":65,"column":14}},"65":{"start":{"line":66,"column":0},"end":{"line":66,"column":61}},"66":{"start":{"line":67,"column":0},"end":{"line":67,"column":19}},"67":{"start":{"line":68,"column":0},"end":{"line":68,"column":64}},"68":{"start":{"line":69,"column":0},"end":{"line":69,"column":29}},"69":{"start":{"line":70,"column":0},"end":{"line":70,"column":29}},"70":{"start":{"line":71,"column":0},"end":{"line":71,"column":11}},"71":{"start":{"line":72,"column":0},"end":{"line":72,"column":10}},"72":{"start":{"line":73,"column":0},"end":{"line":73,"column":14}},"73":{"start":{"line":74,"column":0},"end":{"line":74,"column":52}},"74":{"start":{"line":75,"column":0},"end":{"line":75,"column":19}},"75":{"start":{"line":76,"column":0},"end":{"line":76,"column":64}},"76":{"start":{"line":77,"column":0},"end":{"line":77,"column":27}},"77":{"start":{"line":78,"column":0},"end":{"line":78,"column":29}},"78":{"start":{"line":79,"column":0},"end":{"line":79,"column":11}},"79":{"start":{"line":80,"column":0},"end":{"line":80,"column":10}},"80":{"start":{"line":81,"column":0},"end":{"line":81,"column":0}},"81":{"start":{"line":82,"column":0},"end":{"line":82,"column":30}},"82":{"start":{"line":83,"column":0},"end":{"line":83,"column":14}},"83":{"start":{"line":84,"column":0},"end":{"line":84,"column":33}},"84":{"start":{"line":85,"column":0},"end":{"line":85,"column":19}},"85":{"start":{"line":86,"column":0},"end":{"line":86,"column":55}},"86":{"start":{"line":87,"column":0},"end":{"line":87,"column":30}},"87":{"start":{"line":88,"column":0},"end":{"line":88,"column":29}},"88":{"start":{"line":89,"column":0},"end":{"line":89,"column":11}},"89":{"start":{"line":90,"column":0},"end":{"line":90,"column":10}},"90":{"start":{"line":91,"column":0},"end":{"line":91,"column":14}},"91":{"start":{"line":92,"column":0},"end":{"line":92,"column":26}},"92":{"start":{"line":93,"column":0},"end":{"line":93,"column":19}},"93":{"start":{"line":94,"column":0},"end":{"line":94,"column":55}},"94":{"start":{"line":95,"column":0},"end":{"line":95,"column":33}},"95":{"start":{"line":96,"column":0},"end":{"line":96,"column":29}},"96":{"start":{"line":97,"column":0},"end":{"line":97,"column":11}},"97":{"start":{"line":98,"column":0},"end":{"line":98,"column":10}},"98":{"start":{"line":99,"column":0},"end":{"line":99,"column":14}},"99":{"start":{"line":100,"column":0},"end":{"line":100,"column":25}},"100":{"start":{"line":101,"column":0},"end":{"line":101,"column":19}},"101":{"start":{"line":102,"column":0},"end":{"line":102,"column":55}},"102":{"start":{"line":103,"column":0},"end":{"line":103,"column":32}},"103":{"start":{"line":104,"column":0},"end":{"line":104,"column":29}},"104":{"start":{"line":105,"column":0},"end":{"line":105,"column":11}},"105":{"start":{"line":106,"column":0},"end":{"line":106,"column":10}},"106":{"start":{"line":107,"column":0},"end":{"line":107,"column":0}},"107":{"start":{"line":108,"column":0},"end":{"line":108,"column":32}},"108":{"start":{"line":109,"column":0},"end":{"line":109,"column":14}},"109":{"start":{"line":110,"column":0},"end":{"line":110,"column":18}},"110":{"start":{"line":111,"column":0},"end":{"line":111,"column":19}},"111":{"start":{"line":112,"column":0},"end":{"line":112,"column":31}},"112":{"start":{"line":113,"column":0},"end":{"line":113,"column":68}},"113":{"start":{"line":114,"column":0},"end":{"line":114,"column":50}},"114":{"start":{"line":115,"column":0},"end":{"line":115,"column":19}},"115":{"start":{"line":116,"column":0},"end":{"line":116,"column":51}},"116":{"start":{"line":117,"column":0},"end":{"line":117,"column":15}},"117":{"start":{"line":118,"column":0},"end":{"line":118,"column":17}},"118":{"start":{"line":119,"column":0},"end":{"line":119,"column":46}},"119":{"start":{"line":120,"column":0},"end":{"line":120,"column":13}},"120":{"start":{"line":121,"column":0},"end":{"line":121,"column":11}},"121":{"start":{"line":122,"column":0},"end":{"line":122,"column":10}},"122":{"start":{"line":123,"column":0},"end":{"line":123,"column":15}},"123":{"start":{"line":124,"column":0},"end":{"line":124,"column":17}},"124":{"start":{"line":125,"column":0},"end":{"line":125,"column":10}},"125":{"start":{"line":126,"column":0},"end":{"line":126,"column":3}},"126":{"start":{"line":127,"column":0},"end":{"line":127,"column":1}},"127":{"start":{"line":128,"column":0},"end":{"line":128,"column":0}},"128":{"start":{"line":129,"column":0},"end":{"line":129,"column":18}}},"s":{"0":1,"1":1,"2":1,"3":1,"4":1,"5":1,"6":1,"7":1,"8":1,"9":1,"10":1,"11":1,"12":1,"13":1,"14":1,"15":1,"16":1,"17":19,"18":19,"19":19,"20":19,"21":19,"22":19,"23":19,"24":19,"25":19,"26":19,"27":3,"28":3,"29":16,"30":19,"31":2,"32":2,"33":14,"34":14,"35":14,"36":1,"37":21,"38":21,"39":21,"40":21,"41":21,"42":21,"43":21,"44":21,"45":21,"46":21,"47":21,"48":21,"49":21,"50":21,"51":21,"52":21,"53":21,"54":21,"55":21,"56":21,"57":21,"58":21,"59":21,"60":21,"61":21,"62":21,"63":21,"64":21,"65":21,"66":21,"67":21,"68":21,"69":21,"70":21,"71":21,"72":21,"73":21,"74":21,"75":21,"76":21,"77":21,"78":21,"79":21,"80":21,"81":21,"82":21,"83":21,"84":21,"85":21,"86":21,"87":21,"88":21,"89":21,"90":21,"91":21,"92":21,"93":21,"94":21,"95":21,"96":21,"97":21,"98":21,"99":21,"100":21,"101":21,"102":21,"103":21,"104":21,"105":21,"106":21,"107":21,"108":21,"109":21,"110":21,"111":21,"112":14,"113":9,"114":5,"115":5,"116":7,"117":7,"118":7,"119":21,"120":21,"121":21,"122":21,"123":21,"124":21,"125":21,"126":21,"127":1,"128":1},"branchMap":{"0":{"type":"branch","line":18,"loc":{"start":{"line":18,"column":0},"end":{"line":36,"column":1}},"locations":[{"start":{"line":18,"column":0},"end":{"line":36,"column":1}}]},"1":{"type":"branch","line":27,"loc":{"start":{"line":27,"column":24},"end":{"line":29,"column":3}},"locations":[{"start":{"line":27,"column":24},"end":{"line":29,"column":3}}]},"2":{"type":"branch","line":29,"loc":{"start":{"line":29,"column":2},"end":{"line":31,"column":30}},"locations":[{"start":{"line":29,"column":2},"end":{"line":31,"column":30}}]},"3":{"type":"branch","line":31,"loc":{"start":{"line":31,"column":22},"end":{"line":31,"column":65}},"locations":[{"start":{"line":31,"column":22},"end":{"line":31,"column":65}}]},"4":{"type":"branch","line":31,"loc":{"start":{"line":31,"column":65},"end":{"line":33,"column":3}},"locations":[{"start":{"line":31,"column":65},"end":{"line":33,"column":3}}]},"5":{"type":"branch","line":33,"loc":{"start":{"line":33,"column":2},"end":{"line":36,"column":1}},"locations":[{"start":{"line":33,"column":2},"end":{"line":36,"column":1}}]},"6":{"type":"branch","line":38,"loc":{"start":{"line":38,"column":0},"end":{"line":127,"column":1}},"locations":[{"start":{"line":38,"column":0},"end":{"line":127,"column":1}}]},"7":{"type":"branch","line":112,"loc":{"start":{"line":112,"column":12},"end":{"line":116,"column":51}},"locations":[{"start":{"line":112,"column":12},"end":{"line":116,"column":51}}]},"8":{"type":"branch","line":113,"loc":{"start":{"line":113,"column":29},"end":{"line":113,"column":68}},"locations":[{"start":{"line":113,"column":29},"end":{"line":113,"column":68}}]},"9":{"type":"branch","line":113,"loc":{"start":{"line":113,"column":57},"end":{"line":114,"column":50}},"locations":[{"start":{"line":113,"column":57},"end":{"line":114,"column":50}}]},"10":{"type":"branch","line":114,"loc":{"start":{"line":114,"column":48},"end":{"line":116,"column":51}},"locations":[{"start":{"line":114,"column":48},"end":{"line":116,"column":51}}]},"11":{"type":"branch","line":116,"loc":{"start":{"line":116,"column":49},"end":{"line":119,"column":46}},"locations":[{"start":{"line":116,"column":49},"end":{"line":119,"column":46}}]}},"b":{"0":[19],"1":[3],"2":[16],"3":[16],"4":[2],"5":[14],"6":[21],"7":[14],"8":[8],"9":[9],"10":[5],"11":[7]},"fnMap":{"0":{"name":"ProtectedRoute","decl":{"start":{"line":18,"column":0},"end":{"line":36,"column":1}},"loc":{"start":{"line":18,"column":0},"end":{"line":36,"column":1}},"line":18},"1":{"name":"App","decl":{"start":{"line":38,"column":0},"end":{"line":127,"column":1}},"loc":{"start":{"line":38,"column":0},"end":{"line":127,"column":1}},"line":38}},"f":{"0":19,"1":21}}
,"/Users/tylerhoran/mentor/frontend/src/api/client.ts": {"path":"/Users/tylerhoran/mentor/frontend/src/api/client.ts","all":false,"statementMap":{"0":{"start":{"line":1,"column":0},"end":{"line":1,"column":62}},"1":{"start":{"line":2,"column":0},"end":{"line":2,"column":0}},"2":{"start":{"line":3,"column":0},"end":{"line":3,"column":46}},"3":{"start":{"line":4,"column":0},"end":{"line":4,"column":33}},"4":{"start":{"line":5,"column":0},"end":{"line":5,"column":1}},"5":{"start":{"line":6,"column":0},"end":{"line":6,"column":0}},"6":{"start":{"line":7,"column":0},"end":{"line":7,"column":17}},"7":{"start":{"line":8,"column":0},"end":{"line":8,"column":25}},"8":{"start":{"line":9,"column":0},"end":{"line":9,"column":37}},"9":{"start":{"line":10,"column":0},"end":{"line":10,"column":0}},"10":{"start":{"line":11,"column":0},"end":{"line":11,"column":32}},"11":{"start":{"line":12,"column":0},"end":{"line":12,"column":26}},"12":{"start":{"line":13,"column":0},"end":{"line":13,"column":45}},"13":{"start":{"line":14,"column":0},"end":{"line":14,"column":53}},"14":{"start":{"line":15,"column":0},"end":{"line":15,"column":3}},"15":{"start":{"line":16,"column":0},"end":{"line":16,"column":0}},"16":{"start":{"line":17,"column":0},"end":{"line":17,"column":34}},"17":{"start":{"line":18,"column":0},"end":{"line":18,"column":22}},"18":{"start":{"line":19,"column":0},"end":{"line":19,"column":16}},"19":{"start":{"line":20,"column":0},"end":{"line":20,"column":49}},"20":{"start":{"line":21,"column":0},"end":{"line":21,"column":12}},"21":{"start":{"line":22,"column":0},"end":{"line":22,"column":45}},"22":{"start":{"line":23,"column":0},"end":{"line":23,"column":5}},"23":{"start":{"line":24,"column":0},"end":{"line":24,"column":3}},"24":{"start":{"line":25,"column":0},"end":{"line":25,"column":0}},"25":{"start":{"line":26,"column":0},"end":{"line":26,"column":27}},"26":{"start":{"line":27,"column":0},"end":{"line":27,"column":21}},"27":{"start":{"line":28,"column":0},"end":{"line":28,"column":32}},"28":{"start":{"line":29,"column":0},"end":{"line":29,"column":17}},"29":{"start":{"line":30,"column":0},"end":{"line":30,"column":47}},"30":{"start":{"line":31,"column":0},"end":{"line":31,"column":0}},"31":{"start":{"line":32,"column":0},"end":{"line":32,"column":42}},"32":{"start":{"line":33,"column":0},"end":{"line":33,"column":17}},"33":{"start":{"line":34,"column":0},"end":{"line":34,"column":54}},"34":{"start":{"line":35,"column":0},"end":{"line":35,"column":42}},"35":{"start":{"line":36,"column":0},"end":{"line":36,"column":5}},"36":{"start":{"line":37,"column":0},"end":{"line":37,"column":0}},"37":{"start":{"line":38,"column":0},"end":{"line":38,"column":34}},"38":{"start":{"line":39,"column":0},"end":{"line":39,"column":41}},"39":{"start":{"line":40,"column":0},"end":{"line":40,"column":25}},"40":{"start":{"line":41,"column":0},"end":{"line":41,"column":5}},"41":{"start":{"line":42,"column":0},"end":{"line":42,"column":0}},"42":{"start":{"line":43,"column":0},"end":{"line":43,"column":21}},"43":{"start":{"line":44,"column":0},"end":{"line":44,"column":55}},"44":{"start":{"line":45,"column":0},"end":{"line":45,"column":5}},"45":{"start":{"line":46,"column":0},"end":{"line":46,"column":0}},"46":{"start":{"line":47,"column":0},"end":{"line":47,"column":39}},"47":{"start":{"line":48,"column":0},"end":{"line":48,"column":22}},"48":{"start":{"line":49,"column":0},"end":{"line":49,"column":14}},"49":{"start":{"line":50,"column":0},"end":{"line":50,"column":6}},"50":{"start":{"line":51,"column":0},"end":{"line":51,"column":0}},"51":{"start":{"line":52,"column":0},"end":{"line":52,"column":23}},"52":{"start":{"line":53,"column":0},"end":{"line":53,"column":36}},"53":{"start":{"line":54,"column":0},"end":{"line":54,"column":27}},"54":{"start":{"line":55,"column":0},"end":{"line":55,"column":39}},"55":{"start":{"line":56,"column":0},"end":{"line":56,"column":7}},"56":{"start":{"line":57,"column":0},"end":{"line":57,"column":85}},"57":{"start":{"line":58,"column":0},"end":{"line":58,"column":55}},"58":{"start":{"line":59,"column":0},"end":{"line":59,"column":5}},"59":{"start":{"line":60,"column":0},"end":{"line":60,"column":0}},"60":{"start":{"line":61,"column":0},"end":{"line":61,"column":34}},"61":{"start":{"line":62,"column":0},"end":{"line":62,"column":20}},"62":{"start":{"line":63,"column":0},"end":{"line":63,"column":5}},"63":{"start":{"line":64,"column":0},"end":{"line":64,"column":0}},"64":{"start":{"line":65,"column":0},"end":{"line":65,"column":26}},"65":{"start":{"line":66,"column":0},"end":{"line":66,"column":3}},"66":{"start":{"line":67,"column":0},"end":{"line":67,"column":0}},"67":{"start":{"line":68,"column":0},"end":{"line":68,"column":79}},"68":{"start":{"line":69,"column":0},"end":{"line":69,"column":63}},"69":{"start":{"line":70,"column":0},"end":{"line":70,"column":3}},"70":{"start":{"line":71,"column":0},"end":{"line":71,"column":0}},"71":{"start":{"line":72,"column":0},"end":{"line":72,"column":63}},"72":{"start":{"line":73,"column":0},"end":{"line":73,"column":38}},"73":{"start":{"line":74,"column":0},"end":{"line":74,"column":21}},"74":{"start":{"line":75,"column":0},"end":{"line":75,"column":52}},"75":{"start":{"line":76,"column":0},"end":{"line":76,"column":6}},"76":{"start":{"line":77,"column":0},"end":{"line":77,"column":3}},"77":{"start":{"line":78,"column":0},"end":{"line":78,"column":0}},"78":{"start":{"line":79,"column":0},"end":{"line":79,"column":64}},"79":{"start":{"line":80,"column":0},"end":{"line":80,"column":38}},"80":{"start":{"line":81,"column":0},"end":{"line":81,"column":22}},"81":{"start":{"line":82,"column":0},"end":{"line":82,"column":52}},"82":{"start":{"line":83,"column":0},"end":{"line":83,"column":6}},"83":{"start":{"line":84,"column":0},"end":{"line":84,"column":3}},"84":{"start":{"line":85,"column":0},"end":{"line":85,"column":0}},"85":{"start":{"line":86,"column":0},"end":{"line":86,"column":49}},"86":{"start":{"line":87,"column":0},"end":{"line":87,"column":58}},"87":{"start":{"line":88,"column":0},"end":{"line":88,"column":3}},"88":{"start":{"line":89,"column":0},"end":{"line":89,"column":0}},"89":{"start":{"line":90,"column":0},"end":{"line":90,"column":22}},"90":{"start":{"line":91,"column":0},"end":{"line":91,"column":21}},"91":{"start":{"line":92,"column":0},"end":{"line":92,"column":15}},"92":{"start":{"line":93,"column":0},"end":{"line":93,"column":43}},"93":{"start":{"line":94,"column":0},"end":{"line":94,"column":17}},"94":{"start":{"line":95,"column":0},"end":{"line":95,"column":35}},"95":{"start":{"line":96,"column":0},"end":{"line":96,"column":33}},"96":{"start":{"line":97,"column":0},"end":{"line":97,"column":0}},"97":{"start":{"line":98,"column":0},"end":{"line":98,"column":25}},"98":{"start":{"line":99,"column":0},"end":{"line":99,"column":64}},"99":{"start":{"line":100,"column":0},"end":{"line":100,"column":35}},"100":{"start":{"line":101,"column":0},"end":{"line":101,"column":8}},"101":{"start":{"line":102,"column":0},"end":{"line":102,"column":5}},"102":{"start":{"line":103,"column":0},"end":{"line":103,"column":0}},"103":{"start":{"line":104,"column":0},"end":{"line":104,"column":35}},"104":{"start":{"line":105,"column":0},"end":{"line":105,"column":21}},"105":{"start":{"line":106,"column":0},"end":{"line":106,"column":55}},"106":{"start":{"line":107,"column":0},"end":{"line":107,"column":5}},"107":{"start":{"line":108,"column":0},"end":{"line":108,"column":0}},"108":{"start":{"line":109,"column":0},"end":{"line":109,"column":64}},"109":{"start":{"line":110,"column":0},"end":{"line":110,"column":21}},"110":{"start":{"line":111,"column":0},"end":{"line":111,"column":14}},"111":{"start":{"line":112,"column":0},"end":{"line":112,"column":21}},"112":{"start":{"line":113,"column":0},"end":{"line":113,"column":6}},"113":{"start":{"line":114,"column":0},"end":{"line":114,"column":0}},"114":{"start":{"line":115,"column":0},"end":{"line":115,"column":23}},"115":{"start":{"line":116,"column":0},"end":{"line":116,"column":84}},"116":{"start":{"line":117,"column":0},"end":{"line":117,"column":54}},"117":{"start":{"line":118,"column":0},"end":{"line":118,"column":5}},"118":{"start":{"line":119,"column":0},"end":{"line":119,"column":0}},"119":{"start":{"line":120,"column":0},"end":{"line":120,"column":26}},"120":{"start":{"line":121,"column":0},"end":{"line":121,"column":3}},"121":{"start":{"line":122,"column":0},"end":{"line":122,"column":0}},"122":{"start":{"line":123,"column":0},"end":{"line":123,"column":31}},"123":{"start":{"line":124,"column":0},"end":{"line":124,"column":20}},"124":{"start":{"line":125,"column":0},"end":{"line":125,"column":21}},"125":{"start":{"line":126,"column":0},"end":{"line":126,"column":17}},"126":{"start":{"line":127,"column":0},"end":{"line":127,"column":44}},"127":{"start":{"line":128,"column":0},"end":{"line":128,"column":34}},"128":{"start":{"line":129,"column":0},"end":{"line":129,"column":41}},"129":{"start":{"line":130,"column":0},"end":{"line":130,"column":5}},"130":{"start":{"line":131,"column":0},"end":{"line":131,"column":0}},"131":{"start":{"line":132,"column":0},"end":{"line":132,"column":21}},"132":{"start":{"line":133,"column":0},"end":{"line":133,"column":55}},"133":{"start":{"line":134,"column":0},"end":{"line":134,"column":5}},"134":{"start":{"line":135,"column":0},"end":{"line":135,"column":0}},"135":{"start":{"line":136,"column":0},"end":{"line":136,"column":64}},"136":{"start":{"line":137,"column":0},"end":{"line":137,"column":21}},"137":{"start":{"line":138,"column":0},"end":{"line":138,"column":14}},"138":{"start":{"line":139,"column":0},"end":{"line":139,"column":33}},"139":{"start":{"line":140,"column":0},"end":{"line":140,"column":6}},"140":{"start":{"line":141,"column":0},"end":{"line":141,"column":0}},"141":{"start":{"line":142,"column":0},"end":{"line":142,"column":23}},"142":{"start":{"line":143,"column":0},"end":{"line":143,"column":46}},"143":{"start":{"line":144,"column":0},"end":{"line":144,"column":5}},"144":{"start":{"line":145,"column":0},"end":{"line":145,"column":0}},"145":{"start":{"line":146,"column":0},"end":{"line":146,"column":45}},"146":{"start":{"line":147,"column":0},"end":{"line":147,"column":18}},"147":{"start":{"line":148,"column":0},"end":{"line":148,"column":41}},"148":{"start":{"line":149,"column":0},"end":{"line":149,"column":5}},"149":{"start":{"line":150,"column":0},"end":{"line":150,"column":0}},"150":{"start":{"line":151,"column":0},"end":{"line":151,"column":37}},"151":{"start":{"line":152,"column":0},"end":{"line":152,"column":0}},"152":{"start":{"line":153,"column":0},"end":{"line":153,"column":18}},"153":{"start":{"line":154,"column":0},"end":{"line":154,"column":49}},"154":{"start":{"line":155,"column":0},"end":{"line":155,"column":21}},"155":{"start":{"line":156,"column":0},"end":{"line":156,"column":0}},"156":{"start":{"line":157,"column":0},"end":{"line":157,"column":41}},"157":{"start":{"line":158,"column":0},"end":{"line":158,"column":37}},"158":{"start":{"line":159,"column":0},"end":{"line":159,"column":0}},"159":{"start":{"line":160,"column":0},"end":{"line":160,"column":33}},"160":{"start":{"line":161,"column":0},"end":{"line":161,"column":40}},"161":{"start":{"line":162,"column":0},"end":{"line":162,"column":36}},"162":{"start":{"line":163,"column":0},"end":{"line":163,"column":34}},"163":{"start":{"line":164,"column":0},"end":{"line":164,"column":18}},"164":{"start":{"line":165,"column":0},"end":{"line":165,"column":11}},"165":{"start":{"line":166,"column":0},"end":{"line":166,"column":20}},"166":{"start":{"line":167,"column":0},"end":{"line":167,"column":9}},"167":{"start":{"line":168,"column":0},"end":{"line":168,"column":7}},"168":{"start":{"line":169,"column":0},"end":{"line":169,"column":5}},"169":{"start":{"line":170,"column":0},"end":{"line":170,"column":3}},"170":{"start":{"line":171,"column":0},"end":{"line":171,"column":1}},"171":{"start":{"line":172,"column":0},"end":{"line":172,"column":0}},"172":{"start":{"line":173,"column":0},"end":{"line":173,"column":52}}},"s":{"0":1,"1":1,"2":1,"3":1,"4":1,"5":1,"6":1,"7":1,"8":1,"9":1,"10":1,"11":1,"12":1,"13":1,"14":1,"15":1,"16":1,"17":6,"18":6,"19":3,"20":3,"21":3,"22":3,"23":6,"24":1,"25":1,"26":12,"27":12,"28":12,"29":12,"30":12,"31":12,"32":12,"33":1,"34":1,"35":1,"36":12,"37":12,"38":12,"39":12,"40":12,"41":12,"42":12,"43":8,"44":8,"45":12,"46":12,"47":12,"48":12,"49":12,"50":12,"51":12,"52":4,"53":2,"54":2,"55":2,"56":4,"57":4,"58":4,"59":8,"60":12,"61":1,"62":1,"63":7,"64":7,"65":12,"66":1,"67":1,"68":7,"69":7,"70":1,"71":1,"72":2,"73":2,"74":2,"75":2,"76":2,"77":1,"78":1,"79":1,"80":1,"81":1,"82":1,"83":1,"84":1,"85":1,"86":2,"87":2,"88":1,"89":1,"90":3,"91":3,"92":3,"93":3,"94":3,"95":3,"96":3,"97":3,"98":1,"99":1,"100":1,"101":1,"102":3,"103":3,"104":3,"105":0,"106":0,"107":3,"108":3,"109":3,"110":3,"111":3,"112":3,"113":3,"114":3,"115":1,"116":1,"117":1,"118":2,"119":2,"120":3,"121":1,"122":1,"123":1,"124":3,"125":3,"126":3,"127":3,"128":3,"129":3,"130":3,"131":3,"132":0,"133":0,"134":3,"135":3,"136":3,"137":3,"138":3,"139":3,"140":3,"141":3,"142":1,"143":1,"144":2,"145":3,"146":3,"147":1,"148":1,"149":1,"150":1,"151":1,"152":3,"153":3,"154":3,"155":3,"156":3,"157":3,"158":3,"159":3,"160":5,"161":3,"162":3,"163":1,"164":1,"165":2,"166":2,"167":5,"168":2,"169":3,"170":1,"171":1,"172":1},"branchMap":{"0":{"type":"branch","line":8,"loc":{"start":{"line":8,"column":10},"end":{"line":9,"column":37}},"locations":[{"start":{"line":8,"column":10},"end":{"line":9,"column":37}}]},"1":{"type":"branch","line":11,"loc":{"start":{"line":11,"column":2},"end":{"line":15,"column":3}},"locations":[{"start":{"line":11,"column":2},"end":{"line":15,"column":3}}]},"2":{"type":"branch","line":17,"loc":{"start":{"line":17,"column":2},"end":{"line":24,"column":3}},"locations":[{"start":{"line":17,"column":2},"end":{"line":24,"column":3}}]},"3":{"type":"branch","line":19,"loc":{"start":{"line":19,"column":15},"end":{"line":23,"column":5}},"locations":[{"start":{"line":19,"column":15},"end":{"line":23,"column":5}}]},"4":{"type":"branch","line":26,"loc":{"start":{"line":26,"column":2},"end":{"line":66,"column":3}},"locations":[{"start":{"line":26,"column":2},"end":{"line":66,"column":3}}]},"5":{"type":"branch","line":33,"loc":{"start":{"line":33,"column":16},"end":{"line":36,"column":5}},"locations":[{"start":{"line":33,"column":16},"end":{"line":36,"column":5}}]},"6":{"type":"branch","line":43,"loc":{"start":{"line":43,"column":20},"end":{"line":45,"column":5}},"locations":[{"start":{"line":43,"column":20},"end":{"line":45,"column":5}}]},"7":{"type":"branch","line":52,"loc":{"start":{"line":52,"column":22},"end":{"line":59,"column":5}},"locations":[{"start":{"line":52,"column":22},"end":{"line":59,"column":5}}]},"8":{"type":"branch","line":53,"loc":{"start":{"line":53,"column":35},"end":{"line":56,"column":7}},"locations":[{"start":{"line":53,"column":35},"end":{"line":56,"column":7}}]},"9":{"type":"branch","line":58,"loc":{"start":{"line":58,"column":28},"end":{"line":58,"column":54}},"locations":[{"start":{"line":58,"column":28},"end":{"line":58,"column":54}}]},"10":{"type":"branch","line":59,"loc":{"start":{"line":59,"column":4},"end":{"line":61,"column":33}},"locations":[{"start":{"line":59,"column":4},"end":{"line":61,"column":33}}]},"11":{"type":"branch","line":61,"loc":{"start":{"line":61,"column":33},"end":{"line":63,"column":5}},"locations":[{"start":{"line":61,"column":33},"end":{"line":63,"column":5}}]},"12":{"type":"branch","line":63,"loc":{"start":{"line":63,"column":4},"end":{"line":65,"column":26}},"locations":[{"start":{"line":63,"column":4},"end":{"line":65,"column":26}}]},"13":{"type":"branch","line":57,"loc":{"start":{"line":57,"column":48},"end":{"line":57,"column":84}},"locations":[{"start":{"line":57,"column":48},"end":{"line":57,"column":84}}]},"14":{"type":"branch","line":68,"loc":{"start":{"line":68,"column":2},"end":{"line":70,"column":3}},"locations":[{"start":{"line":68,"column":2},"end":{"line":70,"column":3}}]},"15":{"type":"branch","line":72,"loc":{"start":{"line":72,"column":2},"end":{"line":77,"column":3}},"locations":[{"start":{"line":72,"column":2},"end":{"line":77,"column":3}}]},"16":{"type":"branch","line":75,"loc":{"start":{"line":75,"column":12},"end":{"line":75,"column":42}},"locations":[{"start":{"line":75,"column":12},"end":{"line":75,"column":42}}]},"17":{"type":"branch","line":75,"loc":{"start":{"line":75,"column":38},"end":{"line":75,"column":52}},"locations":[{"start":{"line":75,"column":38},"end":{"line":75,"column":52}}]},"18":{"type":"branch","line":79,"loc":{"start":{"line":79,"column":2},"end":{"line":84,"column":3}},"locations":[{"start":{"line":79,"column":2},"end":{"line":84,"column":3}}]},"19":{"type":"branch","line":82,"loc":{"start":{"line":82,"column":38},"end":{"line":82,"column":52}},"locations":[{"start":{"line":82,"column":38},"end":{"line":82,"column":52}}]},"20":{"type":"branch","line":86,"loc":{"start":{"line":86,"column":2},"end":{"line":88,"column":3}},"locations":[{"start":{"line":86,"column":2},"end":{"line":88,"column":3}}]},"21":{"type":"branch","line":90,"loc":{"start":{"line":90,"column":2},"end":{"line":121,"column":3}},"locations":[{"start":{"line":90,"column":2},"end":{"line":121,"column":3}}]},"22":{"type":"branch","line":98,"loc":{"start":{"line":98,"column":24},"end":{"line":102,"column":5}},"locations":[{"start":{"line":98,"column":24},"end":{"line":102,"column":5}}]},"23":{"type":"branch","line":105,"loc":{"start":{"line":105,"column":20},"end":{"line":107,"column":5}},"locations":[{"start":{"line":105,"column":20},"end":{"line":107,"column":5}}]},"24":{"type":"branch","line":115,"loc":{"start":{"line":115,"column":22},"end":{"line":118,"column":5}},"locations":[{"start":{"line":115,"column":22},"end":{"line":118,"column":5}}]},"25":{"type":"branch","line":117,"loc":{"start":{"line":117,"column":28},"end":{"line":117,"column":53}},"locations":[{"start":{"line":117,"column":28},"end":{"line":117,"column":53}}]},"26":{"type":"branch","line":118,"loc":{"start":{"line":118,"column":4},"end":{"line":120,"column":26}},"locations":[{"start":{"line":118,"column":4},"end":{"line":120,"column":26}}]},"27":{"type":"branch","line":99,"loc":{"start":{"line":99,"column":45},"end":{"line":101,"column":7}},"locations":[{"start":{"line":99,"column":45},"end":{"line":101,"column":7}}]},"28":{"type":"branch","line":124,"loc":{"start":{"line":124,"column":2},"end":{"line":170,"column":3}},"locations":[{"start":{"line":124,"column":2},"end":{"line":170,"column":3}}]},"29":{"type":"branch","line":132,"loc":{"start":{"line":132,"column":20},"end":{"line":134,"column":5}},"locations":[{"start":{"line":132,"column":20},"end":{"line":134,"column":5}}]},"30":{"type":"branch","line":142,"loc":{"start":{"line":142,"column":22},"end":{"line":144,"column":5}},"locations":[{"start":{"line":142,"column":22},"end":{"line":144,"column":5}}]},"31":{"type":"branch","line":144,"loc":{"start":{"line":144,"column":4},"end":{"line":146,"column":34}},"locations":[{"start":{"line":144,"column":4},"end":{"line":146,"column":34}}]},"32":{"type":"branch","line":146,"loc":{"start":{"line":146,"column":28},"end":{"line":146,"column":44}},"locations":[{"start":{"line":146,"column":28},"end":{"line":146,"column":44}}]},"33":{"type":"branch","line":147,"loc":{"start":{"line":147,"column":17},"end":{"line":153,"column":17}},"locations":[{"start":{"line":147,"column":17},"end":{"line":153,"column":17}}]},"34":{"type":"branch","line":155,"loc":{"start":{"line":155,"column":16},"end":{"line":155,"column":21}},"locations":[{"start":{"line":155,"column":16},"end":{"line":155,"column":21}}]},"35":{"type":"branch","line":160,"loc":{"start":{"line":160,"column":32},"end":{"line":168,"column":7}},"locations":[{"start":{"line":160,"column":32},"end":{"line":168,"column":7}}]},"36":{"type":"branch","line":161,"loc":{"start":{"line":161,"column":39},"end":{"line":167,"column":9}},"locations":[{"start":{"line":161,"column":39},"end":{"line":167,"column":9}}]},"37":{"type":"branch","line":163,"loc":{"start":{"line":163,"column":33},"end":{"line":165,"column":11}},"locations":[{"start":{"line":163,"column":33},"end":{"line":165,"column":11}}]},"38":{"type":"branch","line":165,"loc":{"start":{"line":165,"column":10},"end":{"line":167,"column":9}},"locations":[{"start":{"line":165,"column":10},"end":{"line":167,"column":9}}]},"39":{"type":"branch","line":168,"loc":{"start":{"line":168,"column":6},"end":{"line":169,"column":5}},"locations":[{"start":{"line":168,"column":6},"end":{"line":169,"column":5}}]}},"b":{"0":[1],"1":[1],"2":[6],"3":[3],"4":[12],"5":[1],"6":[8],"7":[4],"8":[2],"9":[0],"10":[8],"11":[1],"12":[7],"13":[1],"14":[7],"15":[2],"16":[1],"17":[1],"18":[1],"19":[0],"20":[2],"21":[3],"22":[1],"23":[0],"24":[1],"25":[0],"26":[2],"27":[1],"28":[3],"29":[0],"30":[1],"31":[2],"32":[1],"33":[1],"34":[0],"35":[5],"36":[3],"37":[1],"38":[2],"39":[2]},"fnMap":{"0":{"name":"<instance_members_initializer>","decl":{"start":{"line":8,"column":10},"end":{"line":9,"column":37}},"loc":{"start":{"line":8,"column":10},"end":{"line":9,"column":37}},"line":8},"1":{"name":"ApiClient","decl":{"start":{"line":11,"column":2},"end":{"line":15,"column":3}},"loc":{"start":{"line":11,"column":2},"end":{"line":15,"column":3}},"line":11},"2":{"name":"setToken","decl":{"start":{"line":17,"column":2},"end":{"line":24,"column":3}},"loc":{"start":{"line":17,"column":2},"end":{"line":24,"column":3}},"line":17},"3":{"name":"request","decl":{"start":{"line":26,"column":2},"end":{"line":66,"column":3}},"loc":{"start":{"line":26,"column":2},"end":{"line":66,"column":3}},"line":26},"4":{"name":"get","decl":{"start":{"line":68,"column":2},"end":{"line":70,"column":3}},"loc":{"start":{"line":68,"column":2},"end":{"line":70,"column":3}},"line":68},"5":{"name":"post","decl":{"start":{"line":72,"column":2},"end":{"line":77,"column":3}},"loc":{"start":{"line":72,"column":2},"end":{"line":77,"column":3}},"line":72},"6":{"name":"patch","decl":{"start":{"line":79,"column":2},"end":{"line":84,"column":3}},"loc":{"start":{"line":79,"column":2},"end":{"line":84,"column":3}},"line":79},"7":{"name":"delete","decl":{"start":{"line":86,"column":2},"end":{"line":88,"column":3}},"loc":{"start":{"line":86,"column":2},"end":{"line":88,"column":3}},"line":86},"8":{"name":"uploadFile","decl":{"start":{"line":90,"column":2},"end":{"line":121,"column":3}},"loc":{"start":{"line":90,"column":2},"end":{"line":121,"column":3}},"line":90},"9":{"name":"streamPost","decl":{"start":{"line":124,"column":2},"end":{"line":170,"column":3}},"loc":{"start":{"line":124,"column":2},"end":{"line":170,"column":3}},"line":124}},"f":{"0":1,"1":1,"2":6,"3":12,"4":7,"5":2,"6":1,"7":2,"8":3,"9":3}}
,"/Users/tylerhoran/mentor/frontend/src/components/VoiceControls.tsx": {"path":"/Users/tylerhoran/mentor/frontend/src/components/VoiceControls.tsx","all":false,"statementMap":{"0":{"start":{"line":1,"column":0},"end":{"line":1,"column":26}},"1":{"start":{"line":2,"column":0},"end":{"line":2,"column":0}},"2":{"start":{"line":3,"column":0},"end":{"line":3,"column":30}},"3":{"start":{"line":4,"column":0},"end":{"line":4,"column":23}},"4":{"start":{"line":5,"column":0},"end":{"line":5,"column":23}},"5":{"start":{"line":6,"column":0},"end":{"line":6,"column":24}},"6":{"start":{"line":7,"column":0},"end":{"line":7,"column":22}},"7":{"start":{"line":8,"column":0},"end":{"line":8,"column":19}},"8":{"start":{"line":9,"column":0},"end":{"line":9,"column":32}},"9":{"start":{"line":10,"column":0},"end":{"line":10,"column":27}},"10":{"start":{"line":11,"column":0},"end":{"line":11,"column":23}},"11":{"start":{"line":12,"column":0},"end":{"line":12,"column":21}},"12":{"start":{"line":13,"column":0},"end":{"line":13,"column":1}},"13":{"start":{"line":14,"column":0},"end":{"line":14,"column":0}},"14":{"start":{"line":15,"column":0},"end":{"line":15,"column":31}},"15":{"start":{"line":16,"column":0},"end":{"line":16,"column":14}},"16":{"start":{"line":17,"column":0},"end":{"line":17,"column":14}},"17":{"start":{"line":18,"column":0},"end":{"line":18,"column":15}},"18":{"start":{"line":19,"column":0},"end":{"line":19,"column":13}},"19":{"start":{"line":20,"column":0},"end":{"line":20,"column":10}},"20":{"start":{"line":21,"column":0},"end":{"line":21,"column":20}},"21":{"start":{"line":22,"column":0},"end":{"line":22,"column":15}},"22":{"start":{"line":23,"column":0},"end":{"line":23,"column":10}},"23":{"start":{"line":24,"column":0},"end":{"line":24,"column":19}},"24":{"start":{"line":25,"column":0},"end":{"line":25,"column":24}},"25":{"start":{"line":26,"column":0},"end":{"line":26,"column":38}},"26":{"start":{"line":27,"column":0},"end":{"line":27,"column":55}},"27":{"start":{"line":28,"column":0},"end":{"line":28,"column":72}},"28":{"start":{"line":29,"column":0},"end":{"line":29,"column":43}},"29":{"start":{"line":30,"column":0},"end":{"line":30,"column":4}},"30":{"start":{"line":31,"column":0},"end":{"line":31,"column":0}},"31":{"start":{"line":32,"column":0},"end":{"line":32,"column":31}},"32":{"start":{"line":33,"column":0},"end":{"line":33,"column":45}},"33":{"start":{"line":34,"column":0},"end":{"line":34,"column":45}},"34":{"start":{"line":35,"column":0},"end":{"line":35,"column":41}},"35":{"start":{"line":36,"column":0},"end":{"line":36,"column":43}},"36":{"start":{"line":37,"column":0},"end":{"line":37,"column":26}},"37":{"start":{"line":38,"column":0},"end":{"line":38,"column":4}},"38":{"start":{"line":39,"column":0},"end":{"line":39,"column":0}},"39":{"start":{"line":40,"column":0},"end":{"line":40,"column":10}},"40":{"start":{"line":41,"column":0},"end":{"line":41,"column":54}},"41":{"start":{"line":42,"column":0},"end":{"line":42,"column":32}},"42":{"start":{"line":43,"column":0},"end":{"line":43,"column":13}},"43":{"start":{"line":44,"column":0},"end":{"line":44,"column":35}},"44":{"start":{"line":45,"column":0},"end":{"line":45,"column":43}},"45":{"start":{"line":46,"column":0},"end":{"line":46,"column":20}},"46":{"start":{"line":47,"column":0},"end":{"line":47,"column":51}},"47":{"start":{"line":48,"column":0},"end":{"line":48,"column":35}},"48":{"start":{"line":49,"column":0},"end":{"line":49,"column":52}},"49":{"start":{"line":50,"column":0},"end":{"line":50,"column":37}},"50":{"start":{"line":51,"column":0},"end":{"line":51,"column":61}},"51":{"start":{"line":52,"column":0},"end":{"line":52,"column":10}},"52":{"start":{"line":53,"column":0},"end":{"line":53,"column":71}},"53":{"start":{"line":54,"column":0},"end":{"line":54,"column":7}},"54":{"start":{"line":55,"column":0},"end":{"line":55,"column":24}},"55":{"start":{"line":56,"column":0},"end":{"line":56,"column":55}},"56":{"start":{"line":57,"column":0},"end":{"line":57,"column":13}},"57":{"start":{"line":58,"column":0},"end":{"line":58,"column":52}},"58":{"start":{"line":59,"column":0},"end":{"line":59,"column":10}},"59":{"start":{"line":60,"column":0},"end":{"line":60,"column":15}},"60":{"start":{"line":61,"column":0},"end":{"line":61,"column":0}},"61":{"start":{"line":62,"column":0},"end":{"line":62,"column":25}},"62":{"start":{"line":63,"column":0},"end":{"line":63,"column":64}},"63":{"start":{"line":64,"column":0},"end":{"line":64,"column":0}},"64":{"start":{"line":65,"column":0},"end":{"line":65,"column":32}},"65":{"start":{"line":66,"column":0},"end":{"line":66,"column":34}},"66":{"start":{"line":67,"column":0},"end":{"line":67,"column":27}},"67":{"start":{"line":68,"column":0},"end":{"line":68,"column":15}},"68":{"start":{"line":69,"column":0},"end":{"line":69,"column":32}},"69":{"start":{"line":70,"column":0},"end":{"line":70,"column":22}},"70":{"start":{"line":71,"column":0},"end":{"line":71,"column":46}},"71":{"start":{"line":72,"column":0},"end":{"line":72,"column":80}},"72":{"start":{"line":73,"column":0},"end":{"line":73,"column":29}},"73":{"start":{"line":74,"column":0},"end":{"line":74,"column":12}},"74":{"start":{"line":75,"column":0},"end":{"line":75,"column":50}},"75":{"start":{"line":76,"column":0},"end":{"line":76,"column":57}},"76":{"start":{"line":77,"column":0},"end":{"line":77,"column":9}},"77":{"start":{"line":78,"column":0},"end":{"line":78,"column":22}},"78":{"start":{"line":79,"column":0},"end":{"line":79,"column":49}},"79":{"start":{"line":80,"column":0},"end":{"line":80,"column":15}},"80":{"start":{"line":81,"column":0},"end":{"line":81,"column":46}},"81":{"start":{"line":82,"column":0},"end":{"line":82,"column":12}},"82":{"start":{"line":83,"column":0},"end":{"line":83,"column":17}},"83":{"start":{"line":84,"column":0},"end":{"line":84,"column":0}},"84":{"start":{"line":85,"column":0},"end":{"line":85,"column":28}},"85":{"start":{"line":86,"column":0},"end":{"line":86,"column":21}},"86":{"start":{"line":87,"column":0},"end":{"line":87,"column":17}},"87":{"start":{"line":88,"column":0},"end":{"line":88,"column":29}},"88":{"start":{"line":89,"column":0},"end":{"line":89,"column":102}},"89":{"start":{"line":90,"column":0},"end":{"line":90,"column":30}},"90":{"start":{"line":91,"column":0},"end":{"line":91,"column":38}},"91":{"start":{"line":92,"column":0},"end":{"line":92,"column":11}},"92":{"start":{"line":93,"column":0},"end":{"line":93,"column":47}},"93":{"start":{"line":94,"column":0},"end":{"line":94,"column":19}},"94":{"start":{"line":95,"column":0},"end":{"line":95,"column":10}},"95":{"start":{"line":96,"column":0},"end":{"line":96,"column":12}},"96":{"start":{"line":97,"column":0},"end":{"line":97,"column":0}},"97":{"start":{"line":98,"column":0},"end":{"line":98,"column":41}},"98":{"start":{"line":99,"column":0},"end":{"line":99,"column":47}},"99":{"start":{"line":100,"column":0},"end":{"line":100,"column":12}},"100":{"start":{"line":101,"column":0},"end":{"line":101,"column":45}},"101":{"start":{"line":102,"column":0},"end":{"line":102,"column":55}},"102":{"start":{"line":103,"column":0},"end":{"line":103,"column":13}},"103":{"start":{"line":104,"column":0},"end":{"line":104,"column":10}},"104":{"start":{"line":105,"column":0},"end":{"line":105,"column":48}},"105":{"start":{"line":106,"column":0},"end":{"line":106,"column":54}},"106":{"start":{"line":107,"column":0},"end":{"line":107,"column":15}},"107":{"start":{"line":108,"column":0},"end":{"line":108,"column":12}},"108":{"start":{"line":109,"column":0},"end":{"line":109,"column":10}},"109":{"start":{"line":110,"column":0},"end":{"line":110,"column":4}},"110":{"start":{"line":111,"column":0},"end":{"line":111,"column":1}},"111":{"start":{"line":112,"column":0},"end":{"line":112,"column":0}},"112":{"start":{"line":113,"column":0},"end":{"line":113,"column":18}},"113":{"start":{"line":114,"column":0},"end":{"line":114,"column":57}},"114":{"start":{"line":115,"column":0},"end":{"line":115,"column":10}},"115":{"start":{"line":116,"column":0},"end":{"line":116,"column":85}},"116":{"start":{"line":117,"column":0},"end":{"line":117,"column":72}},"117":{"start":{"line":118,"column":0},"end":{"line":118,"column":117}},"118":{"start":{"line":119,"column":0},"end":{"line":119,"column":10}},"119":{"start":{"line":120,"column":0},"end":{"line":120,"column":4}},"120":{"start":{"line":121,"column":0},"end":{"line":121,"column":1}},"121":{"start":{"line":122,"column":0},"end":{"line":122,"column":0}},"122":{"start":{"line":123,"column":0},"end":{"line":123,"column":60}},"123":{"start":{"line":124,"column":0},"end":{"line":124,"column":10}},"124":{"start":{"line":125,"column":0},"end":{"line":125,"column":85}},"125":{"start":{"line":126,"column":0},"end":{"line":126,"column":72}},"126":{"start":{"line":127,"column":0},"end":{"line":127,"column":141}},"127":{"start":{"line":128,"column":0},"end":{"line":128,"column":72}},"128":{"start":{"line":129,"column":0},"end":{"line":129,"column":51}},"129":{"start":{"line":130,"column":0},"end":{"line":130,"column":10}},"130":{"start":{"line":131,"column":0},"end":{"line":131,"column":4}},"131":{"start":{"line":132,"column":0},"end":{"line":132,"column":1}},"132":{"start":{"line":133,"column":0},"end":{"line":133,"column":0}},"133":{"start":{"line":134,"column":0},"end":{"line":134,"column":60}},"134":{"start":{"line":135,"column":0},"end":{"line":135,"column":10}},"135":{"start":{"line":136,"column":0},"end":{"line":136,"column":85}},"136":{"start":{"line":137,"column":0},"end":{"line":137,"column":72}},"137":{"start":{"line":138,"column":0},"end":{"line":138,"column":197}},"138":{"start":{"line":139,"column":0},"end":{"line":139,"column":10}},"139":{"start":{"line":140,"column":0},"end":{"line":140,"column":4}},"140":{"start":{"line":141,"column":0},"end":{"line":141,"column":1}},"141":{"start":{"line":142,"column":0},"end":{"line":142,"column":0}},"142":{"start":{"line":143,"column":0},"end":{"line":143,"column":63}},"143":{"start":{"line":144,"column":0},"end":{"line":144,"column":10}},"144":{"start":{"line":145,"column":0},"end":{"line":145,"column":85}},"145":{"start":{"line":146,"column":0},"end":{"line":146,"column":72}},"146":{"start":{"line":147,"column":0},"end":{"line":147,"column":141}},"147":{"start":{"line":148,"column":0},"end":{"line":148,"column":72}},"148":{"start":{"line":149,"column":0},"end":{"line":149,"column":51}},"149":{"start":{"line":150,"column":0},"end":{"line":150,"column":10}},"150":{"start":{"line":151,"column":0},"end":{"line":151,"column":4}},"151":{"start":{"line":152,"column":0},"end":{"line":152,"column":1}},"152":{"start":{"line":153,"column":0},"end":{"line":153,"column":0}},"153":{"start":{"line":154,"column":0},"end":{"line":154,"column":61}},"154":{"start":{"line":155,"column":0},"end":{"line":155,"column":10}},"155":{"start":{"line":156,"column":0},"end":{"line":156,"column":85}},"156":{"start":{"line":157,"column":0},"end":{"line":157,"column":72}},"157":{"start":{"line":158,"column":0},"end":{"line":158,"column":122}},"158":{"start":{"line":159,"column":0},"end":{"line":159,"column":10}},"159":{"start":{"line":160,"column":0},"end":{"line":160,"column":4}},"160":{"start":{"line":161,"column":0},"end":{"line":161,"column":1}}},"s":{"0":1,"1":1,"2":1,"3":1,"4":1,"5":1,"6":1,"7":1,"8":1,"9":1,"10":1,"11":1,"12":1,"13":1,"14":1,"15":59,"16":59,"17":59,"18":59,"19":59,"20":59,"21":59,"22":59,"23":59,"24":59,"25":59,"26":59,"27":59,"28":44,"29":59,"30":59,"31":59,"32":59,"33":59,"34":59,"35":59,"36":39,"37":59,"38":59,"39":59,"40":59,"41":59,"42":59,"43":59,"44":59,"45":59,"46":59,"47":59,"48":59,"49":59,"50":59,"51":59,"52":59,"53":59,"54":59,"55":8,"56":51,"57":51,"58":59,"59":59,"60":59,"61":59,"62":59,"63":59,"64":59,"65":59,"66":59,"67":59,"68":59,"69":59,"70":59,"71":59,"72":59,"73":59,"74":59,"75":59,"76":59,"77":59,"78":3,"79":56,"80":56,"81":59,"82":59,"83":59,"84":59,"85":59,"86":31,"87":31,"88":31,"89":31,"90":31,"91":31,"92":31,"93":31,"94":59,"95":59,"96":59,"97":59,"98":59,"99":59,"100":59,"101":59,"102":59,"103":59,"104":59,"105":59,"106":59,"107":59,"108":59,"109":59,"110":59,"111":1,"112":1,"113":51,"114":51,"115":51,"116":51,"117":51,"118":51,"119":51,"120":51,"121":1,"122":8,"123":8,"124":8,"125":8,"126":8,"127":8,"128":8,"129":8,"130":8,"131":8,"132":1,"133":56,"134":56,"135":56,"136":56,"137":56,"138":56,"139":56,"140":56,"141":1,"142":3,"143":3,"144":3,"145":3,"146":3,"147":3,"148":3,"149":3,"150":3,"151":3,"152":1,"153":31,"154":31,"155":31,"156":31,"157":31,"158":31,"159":31,"160":31},"branchMap":{"0":{"type":"branch","line":15,"loc":{"start":{"line":15,"column":7},"end":{"line":111,"column":1}},"locations":[{"start":{"line":15,"column":7},"end":{"line":111,"column":1}}]},"1":{"type":"branch","line":45,"loc":{"start":{"line":45,"column":19},"end":{"line":45,"column":43}},"locations":[{"start":{"line":45,"column":19},"end":{"line":45,"column":43}}]},"2":{"type":"branch","line":49,"loc":{"start":{"line":49,"column":12},"end":{"line":49,"column":40}},"locations":[{"start":{"line":49,"column":12},"end":{"line":49,"column":40}}]},"3":{"type":"branch","line":49,"loc":{"start":{"line":49,"column":26},"end":{"line":49,"column":51}},"locations":[{"start":{"line":49,"column":26},"end":{"line":49,"column":51}}]},"4":{"type":"branch","line":53,"loc":{"start":{"line":53,"column":20},"end":{"line":53,"column":53}},"locations":[{"start":{"line":53,"column":20},"end":{"line":53,"column":53}}]},"5":{"type":"branch","line":53,"loc":{"start":{"line":53,"column":34},"end":{"line":53,"column":71}},"locations":[{"start":{"line":53,"column":34},"end":{"line":53,"column":71}}]},"6":{"type":"branch","line":55,"loc":{"start":{"line":55,"column":9},"end":{"line":56,"column":55}},"locations":[{"start":{"line":55,"column":9},"end":{"line":56,"column":55}}]},"7":{"type":"branch","line":56,"loc":{"start":{"line":56,"column":53},"end":{"line":58,"column":52}},"locations":[{"start":{"line":56,"column":53},"end":{"line":58,"column":52}}]},"8":{"type":"branch","line":72,"loc":{"start":{"line":72,"column":14},"end":{"line":72,"column":52}},"locations":[{"start":{"line":72,"column":14},"end":{"line":72,"column":52}}]},"9":{"type":"branch","line":72,"loc":{"start":{"line":72,"column":24},"end":{"line":72,"column":79}},"locations":[{"start":{"line":72,"column":24},"end":{"line":72,"column":79}}]},"10":{"type":"branch","line":75,"loc":{"start":{"line":75,"column":22},"end":{"line":75,"column":43}},"locations":[{"start":{"line":75,"column":22},"end":{"line":75,"column":43}}]},"11":{"type":"branch","line":75,"loc":{"start":{"line":75,"column":32},"end":{"line":75,"column":50}},"locations":[{"start":{"line":75,"column":32},"end":{"line":75,"column":50}}]},"12":{"type":"branch","line":76,"loc":{"start":{"line":76,"column":17},"end":{"line":76,"column":44}},"locations":[{"start":{"line":76,"column":17},"end":{"line":76,"column":44}}]},"13":{"type":"branch","line":76,"loc":{"start":{"line":76,"column":27},"end":{"line":76,"column":57}},"locations":[{"start":{"line":76,"column":27},"end":{"line":76,"column":57}}]},"14":{"type":"branch","line":78,"loc":{"start":{"line":78,"column":11},"end":{"line":79,"column":49}},"locations":[{"start":{"line":78,"column":11},"end":{"line":79,"column":49}}]},"15":{"type":"branch","line":79,"loc":{"start":{"line":79,"column":47},"end":{"line":81,"column":46}},"locations":[{"start":{"line":79,"column":47},"end":{"line":81,"column":46}}]},"16":{"type":"branch","line":86,"loc":{"start":{"line":86,"column":9},"end":{"line":94,"column":19}},"locations":[{"start":{"line":86,"column":9},"end":{"line":94,"column":19}}]},"17":{"type":"branch","line":102,"loc":{"start":{"line":102,"column":12},"end":{"line":102,"column":43}},"locations":[{"start":{"line":102,"column":12},"end":{"line":102,"column":43}}]},"18":{"type":"branch","line":102,"loc":{"start":{"line":102,"column":26},"end":{"line":102,"column":55}},"locations":[{"start":{"line":102,"column":26},"end":{"line":102,"column":55}}]},"19":{"type":"branch","line":106,"loc":{"start":{"line":106,"column":11},"end":{"line":106,"column":39}},"locations":[{"start":{"line":106,"column":11},"end":{"line":106,"column":39}}]},"20":{"type":"branch","line":106,"loc":{"start":{"line":106,"column":25},"end":{"line":106,"column":54}},"locations":[{"start":{"line":106,"column":25},"end":{"line":106,"column":54}}]},"21":{"type":"branch","line":26,"loc":{"start":{"line":26,"column":31},"end":{"line":30,"column":4}},"locations":[{"start":{"line":26,"column":31},"end":{"line":30,"column":4}}]},"22":{"type":"branch","line":27,"loc":{"start":{"line":27,"column":9},"end":{"line":27,"column":34}},"locations":[{"start":{"line":27,"column":9},"end":{"line":27,"column":34}}]},"23":{"type":"branch","line":27,"loc":{"start":{"line":27,"column":34},"end":{"line":27,"column":55}},"locations":[{"start":{"line":27,"column":34},"end":{"line":27,"column":55}}]},"24":{"type":"branch","line":27,"loc":{"start":{"line":27,"column":41},"end":{"line":28,"column":28}},"locations":[{"start":{"line":27,"column":41},"end":{"line":28,"column":28}}]},"25":{"type":"branch","line":28,"loc":{"start":{"line":28,"column":21},"end":{"line":28,"column":72}},"locations":[{"start":{"line":28,"column":21},"end":{"line":28,"column":72}}]},"26":{"type":"branch","line":28,"loc":{"start":{"line":28,"column":28},"end":{"line":29,"column":43}},"locations":[{"start":{"line":28,"column":28},"end":{"line":29,"column":43}}]},"27":{"type":"branch","line":32,"loc":{"start":{"line":32,"column":24},"end":{"line":38,"column":4}},"locations":[{"start":{"line":32,"column":24},"end":{"line":38,"column":4}}]},"28":{"type":"branch","line":33,"loc":{"start":{"line":33,"column":22},"end":{"line":33,"column":45}},"locations":[{"start":{"line":33,"column":22},"end":{"line":33,"column":45}}]},"29":{"type":"branch","line":33,"loc":{"start":{"line":33,"column":29},"end":{"line":34,"column":29}},"locations":[{"start":{"line":33,"column":29},"end":{"line":34,"column":29}}]},"30":{"type":"branch","line":34,"loc":{"start":{"line":34,"column":22},"end":{"line":34,"column":45}},"locations":[{"start":{"line":34,"column":22},"end":{"line":34,"column":45}}]},"31":{"type":"branch","line":34,"loc":{"start":{"line":34,"column":29},"end":{"line":35,"column":27}},"locations":[{"start":{"line":34,"column":29},"end":{"line":35,"column":27}}]},"32":{"type":"branch","line":35,"loc":{"start":{"line":35,"column":20},"end":{"line":35,"column":41}},"locations":[{"start":{"line":35,"column":20},"end":{"line":35,"column":41}}]},"33":{"type":"branch","line":35,"loc":{"start":{"line":35,"column":27},"end":{"line":36,"column":28}},"locations":[{"start":{"line":35,"column":27},"end":{"line":36,"column":28}}]},"34":{"type":"branch","line":36,"loc":{"start":{"line":36,"column":21},"end":{"line":36,"column":43}},"locations":[{"start":{"line":36,"column":21},"end":{"line":36,"column":43}}]},"35":{"type":"branch","line":36,"loc":{"start":{"line":36,"column":28},"end":{"line":37,"column":26}},"locations":[{"start":{"line":36,"column":28},"end":{"line":37,"column":26}}]},"36":{"type":"branch","line":114,"loc":{"start":{"line":114,"column":0},"end":{"line":121,"column":1}},"locations":[{"start":{"line":114,"column":0},"end":{"line":121,"column":1}}]},"37":{"type":"branch","line":123,"loc":{"start":{"line":123,"column":0},"end":{"line":132,"column":1}},"locations":[{"start":{"line":123,"column":0},"end":{"line":132,"column":1}}]},"38":{"type":"branch","line":134,"loc":{"start":{"line":134,"column":0},"end":{"line":141,"column":1}},"locations":[{"start":{"line":134,"column":0},"end":{"line":141,"column":1}}]},"39":{"type":"branch","line":143,"loc":{"start":{"line":143,"column":0},"end":{"line":152,"column":1}},"locations":[{"start":{"line":143,"column":0},"end":{"line":152,"column":1}}]},"40":{"type":"branch","line":154,"loc":{"start":{"line":154,"column":0},"end":{"line":161,"column":1}},"locations":[{"start":{"line":154,"column":0},"end":{"line":161,"column":1}}]}},"b":{"0":[59],"1":[54],"2":[8],"3":[51],"4":[8],"5":[51],"6":[8],"7":[51],"8":[3],"9":[56],"10":[3],"11":[56],"12":[3],"13":[56],"14":[3],"15":[56],"16":[31],"17":[54],"18":[5],"19":[54],"20":[5],"21":[59],"22":[54],"23":[7],"24":[52],"25":[8],"26":[44],"27":[59],"28":[5],"29":[54],"30":[3],"31":[51],"32":[4],"33":[47],"34":[8],"35":[39],"36":[51],"37":[8],"38":[56],"39":[3],"40":[31]},"fnMap":{"0":{"name":"VoiceControls","decl":{"start":{"line":15,"column":7},"end":{"line":111,"column":1}},"loc":{"start":{"line":15,"column":7},"end":{"line":111,"column":1}},"line":15},"1":{"name":"getRecordButtonColor","decl":{"start":{"line":26,"column":31},"end":{"line":30,"column":4}},"loc":{"start":{"line":26,"column":31},"end":{"line":30,"column":4}},"line":26},"2":{"name":"getStatusText","decl":{"start":{"line":32,"column":24},"end":{"line":38,"column":4}},"loc":{"start":{"line":32,"column":24},"end":{"line":38,"column":4}},"line":32},"3":{"name":"MicIcon","decl":{"start":{"line":114,"column":0},"end":{"line":121,"column":1}},"loc":{"start":{"line":114,"column":0},"end":{"line":121,"column":1}},"line":114},"4":{"name":"MicOffIcon","decl":{"start":{"line":123,"column":0},"end":{"line":132,"column":1}},"loc":{"start":{"line":123,"column":0},"end":{"line":132,"column":1}},"line":123},"5":{"name":"VolumeIcon","decl":{"start":{"line":134,"column":0},"end":{"line":141,"column":1}},"loc":{"start":{"line":134,"column":0},"end":{"line":141,"column":1}},"line":134},"6":{"name":"VolumeOffIcon","decl":{"start":{"line":143,"column":0},"end":{"line":152,"column":1}},"loc":{"start":{"line":143,"column":0},"end":{"line":152,"column":1}},"line":143},"7":{"name":"RefreshIcon","decl":{"start":{"line":154,"column":0},"end":{"line":161,"column":1}},"loc":{"start":{"line":154,"column":0},"end":{"line":161,"column":1}},"line":154}},"f":{"0":59,"1":59,"2":59,"3":51,"4":8,"5":56,"6":3,"7":31}}
,"/Users/tylerhoran/mentor/frontend/src/components/VoiceIndicator.tsx": {"path":"/Users/tylerhoran/mentor/frontend/src/components/VoiceIndicator.tsx","all":false,"statementMap":{"0":{"start":{"line":1,"column":0},"end":{"line":1,"column":26}},"1":{"start":{"line":2,"column":0},"end":{"line":2,"column":0}},"2":{"start":{"line":3,"column":0},"end":{"line":3,"column":67}},"3":{"start":{"line":4,"column":0},"end":{"line":4,"column":0}},"4":{"start":{"line":5,"column":0},"end":{"line":5,"column":31}},"5":{"start":{"line":6,"column":0},"end":{"line":6,"column":20}},"6":{"start":{"line":7,"column":0},"end":{"line":7,"column":29}},"7":{"start":{"line":8,"column":0},"end":{"line":8,"column":21}},"8":{"start":{"line":9,"column":0},"end":{"line":9,"column":1}},"9":{"start":{"line":10,"column":0},"end":{"line":10,"column":0}},"10":{"start":{"line":11,"column":0},"end":{"line":11,"column":32}},"11":{"start":{"line":12,"column":0},"end":{"line":12,"column":8}},"12":{"start":{"line":13,"column":0},"end":{"line":13,"column":24}},"13":{"start":{"line":14,"column":0},"end":{"line":14,"column":16}},"14":{"start":{"line":15,"column":0},"end":{"line":15,"column":25}},"15":{"start":{"line":16,"column":0},"end":{"line":16,"column":10}},"16":{"start":{"line":17,"column":0},"end":{"line":17,"column":69}},"17":{"start":{"line":18,"column":0},"end":{"line":18,"column":45}},"18":{"start":{"line":19,"column":0},"end":{"line":19,"column":85}},"19":{"start":{"line":20,"column":0},"end":{"line":20,"column":57}},"20":{"start":{"line":21,"column":0},"end":{"line":21,"column":53}},"21":{"start":{"line":22,"column":0},"end":{"line":22,"column":10}},"22":{"start":{"line":23,"column":0},"end":{"line":23,"column":4}},"23":{"start":{"line":24,"column":0},"end":{"line":24,"column":1}},"24":{"start":{"line":25,"column":0},"end":{"line":25,"column":0}},"25":{"start":{"line":26,"column":0},"end":{"line":26,"column":26}},"26":{"start":{"line":27,"column":0},"end":{"line":27,"column":10}},"27":{"start":{"line":28,"column":0},"end":{"line":28,"column":45}},"28":{"start":{"line":29,"column":0},"end":{"line":29,"column":36}},"29":{"start":{"line":30,"column":0},"end":{"line":30,"column":12}},"30":{"start":{"line":31,"column":0},"end":{"line":31,"column":17}},"31":{"start":{"line":32,"column":0},"end":{"line":32,"column":54}},"32":{"start":{"line":33,"column":0},"end":{"line":33,"column":10}},"33":{"start":{"line":34,"column":0},"end":{"line":34,"column":9}},"34":{"start":{"line":35,"column":0},"end":{"line":35,"column":10}},"35":{"start":{"line":36,"column":0},"end":{"line":36,"column":4}},"36":{"start":{"line":37,"column":0},"end":{"line":37,"column":1}},"37":{"start":{"line":38,"column":0},"end":{"line":38,"column":0}},"38":{"start":{"line":39,"column":0},"end":{"line":39,"column":35}},"39":{"start":{"line":40,"column":0},"end":{"line":40,"column":20}},"40":{"start":{"line":41,"column":0},"end":{"line":41,"column":1}},"41":{"start":{"line":42,"column":0},"end":{"line":42,"column":0}},"42":{"start":{"line":43,"column":0},"end":{"line":43,"column":69}},"43":{"start":{"line":44,"column":0},"end":{"line":44,"column":43}},"44":{"start":{"line":45,"column":0},"end":{"line":45,"column":19}},"45":{"start":{"line":46,"column":0},"end":{"line":46,"column":23}},"46":{"start":{"line":47,"column":0},"end":{"line":47,"column":23}},"47":{"start":{"line":48,"column":0},"end":{"line":48,"column":23}},"48":{"start":{"line":49,"column":0},"end":{"line":49,"column":4}},"49":{"start":{"line":50,"column":0},"end":{"line":50,"column":0}},"50":{"start":{"line":51,"column":0},"end":{"line":51,"column":10}},"51":{"start":{"line":52,"column":0},"end":{"line":52,"column":45}},"52":{"start":{"line":53,"column":0},"end":{"line":53,"column":35}},"53":{"start":{"line":54,"column":0},"end":{"line":54,"column":12}},"54":{"start":{"line":55,"column":0},"end":{"line":55,"column":17}},"55":{"start":{"line":56,"column":0},"end":{"line":56,"column":78}},"56":{"start":{"line":57,"column":0},"end":{"line":57,"column":18}},"57":{"start":{"line":58,"column":0},"end":{"line":58,"column":34}},"58":{"start":{"line":59,"column":0},"end":{"line":59,"column":95}},"59":{"start":{"line":60,"column":0},"end":{"line":60,"column":12}},"60":{"start":{"line":61,"column":0},"end":{"line":61,"column":10}},"61":{"start":{"line":62,"column":0},"end":{"line":62,"column":9}},"62":{"start":{"line":63,"column":0},"end":{"line":63,"column":10}},"63":{"start":{"line":64,"column":0},"end":{"line":64,"column":4}},"64":{"start":{"line":65,"column":0},"end":{"line":65,"column":1}},"65":{"start":{"line":66,"column":0},"end":{"line":66,"column":0}},"66":{"start":{"line":67,"column":0},"end":{"line":67,"column":32}},"67":{"start":{"line":68,"column":0},"end":{"line":68,"column":10}},"68":{"start":{"line":69,"column":0},"end":{"line":69,"column":45}},"69":{"start":{"line":70,"column":0},"end":{"line":70,"column":36}},"70":{"start":{"line":71,"column":0},"end":{"line":71,"column":12}},"71":{"start":{"line":72,"column":0},"end":{"line":72,"column":17}},"72":{"start":{"line":73,"column":0},"end":{"line":73,"column":71}},"73":{"start":{"line":74,"column":0},"end":{"line":74,"column":52}},"74":{"start":{"line":75,"column":0},"end":{"line":75,"column":10}},"75":{"start":{"line":76,"column":0},"end":{"line":76,"column":9}},"76":{"start":{"line":77,"column":0},"end":{"line":77,"column":10}},"77":{"start":{"line":78,"column":0},"end":{"line":78,"column":4}},"78":{"start":{"line":79,"column":0},"end":{"line":79,"column":1}},"79":{"start":{"line":80,"column":0},"end":{"line":80,"column":0}},"80":{"start":{"line":81,"column":0},"end":{"line":81,"column":30}},"81":{"start":{"line":82,"column":0},"end":{"line":82,"column":10}},"82":{"start":{"line":83,"column":0},"end":{"line":83,"column":45}},"83":{"start":{"line":84,"column":0},"end":{"line":84,"column":36}},"84":{"start":{"line":85,"column":0},"end":{"line":85,"column":12}},"85":{"start":{"line":86,"column":0},"end":{"line":86,"column":17}},"86":{"start":{"line":87,"column":0},"end":{"line":87,"column":65}},"87":{"start":{"line":88,"column":0},"end":{"line":88,"column":18}},"88":{"start":{"line":89,"column":0},"end":{"line":89,"column":53}},"89":{"start":{"line":90,"column":0},"end":{"line":90,"column":42}},"90":{"start":{"line":91,"column":0},"end":{"line":91,"column":12}},"91":{"start":{"line":92,"column":0},"end":{"line":92,"column":10}},"92":{"start":{"line":93,"column":0},"end":{"line":93,"column":9}},"93":{"start":{"line":94,"column":0},"end":{"line":94,"column":10}},"94":{"start":{"line":95,"column":0},"end":{"line":95,"column":4}},"95":{"start":{"line":96,"column":0},"end":{"line":96,"column":1}},"96":{"start":{"line":97,"column":0},"end":{"line":97,"column":0}},"97":{"start":{"line":98,"column":0},"end":{"line":98,"column":35}},"98":{"start":{"line":99,"column":0},"end":{"line":99,"column":25}},"99":{"start":{"line":100,"column":0},"end":{"line":100,"column":27}},"100":{"start":{"line":101,"column":0},"end":{"line":101,"column":20}},"101":{"start":{"line":102,"column":0},"end":{"line":102,"column":17}},"102":{"start":{"line":103,"column":0},"end":{"line":103,"column":17}},"103":{"start":{"line":104,"column":0},"end":{"line":104,"column":18}},"104":{"start":{"line":105,"column":0},"end":{"line":105,"column":1}},"105":{"start":{"line":106,"column":0},"end":{"line":106,"column":0}},"106":{"start":{"line":107,"column":0},"end":{"line":107,"column":26}},"107":{"start":{"line":108,"column":0},"end":{"line":108,"column":12}},"108":{"start":{"line":109,"column":0},"end":{"line":109,"column":11}},"109":{"start":{"line":110,"column":0},"end":{"line":110,"column":20}},"110":{"start":{"line":111,"column":0},"end":{"line":111,"column":14}},"111":{"start":{"line":112,"column":0},"end":{"line":112,"column":14}},"112":{"start":{"line":113,"column":0},"end":{"line":113,"column":19}},"113":{"start":{"line":114,"column":0},"end":{"line":114,"column":58}},"114":{"start":{"line":115,"column":0},"end":{"line":115,"column":0}},"115":{"start":{"line":116,"column":0},"end":{"line":116,"column":25}},"116":{"start":{"line":117,"column":0},"end":{"line":117,"column":37}},"117":{"start":{"line":118,"column":0},"end":{"line":118,"column":24}},"118":{"start":{"line":119,"column":0},"end":{"line":119,"column":0}},"119":{"start":{"line":120,"column":0},"end":{"line":120,"column":40}},"120":{"start":{"line":121,"column":0},"end":{"line":121,"column":21}},"121":{"start":{"line":122,"column":0},"end":{"line":122,"column":0}},"122":{"start":{"line":123,"column":0},"end":{"line":123,"column":19}},"123":{"start":{"line":124,"column":0},"end":{"line":124,"column":39}},"124":{"start":{"line":125,"column":0},"end":{"line":125,"column":0}},"125":{"start":{"line":126,"column":0},"end":{"line":126,"column":60}},"126":{"start":{"line":127,"column":0},"end":{"line":127,"column":23}},"127":{"start":{"line":128,"column":0},"end":{"line":128,"column":22}},"128":{"start":{"line":129,"column":0},"end":{"line":129,"column":34}},"129":{"start":{"line":130,"column":0},"end":{"line":130,"column":24}},"130":{"start":{"line":131,"column":0},"end":{"line":131,"column":32}},"131":{"start":{"line":132,"column":0},"end":{"line":132,"column":36}},"132":{"start":{"line":133,"column":0},"end":{"line":133,"column":19}},"133":{"start":{"line":134,"column":0},"end":{"line":134,"column":13}},"134":{"start":{"line":135,"column":0},"end":{"line":135,"column":5}},"135":{"start":{"line":136,"column":0},"end":{"line":136,"column":0}},"136":{"start":{"line":137,"column":0},"end":{"line":137,"column":20}},"137":{"start":{"line":138,"column":0},"end":{"line":138,"column":20}},"138":{"start":{"line":139,"column":0},"end":{"line":139,"column":28}},"139":{"start":{"line":140,"column":0},"end":{"line":140,"column":22}},"140":{"start":{"line":141,"column":0},"end":{"line":141,"column":0}},"141":{"start":{"line":142,"column":0},"end":{"line":142,"column":48}},"142":{"start":{"line":143,"column":0},"end":{"line":143,"column":14}},"143":{"start":{"line":144,"column":0},"end":{"line":144,"column":0}},"144":{"start":{"line":145,"column":0},"end":{"line":145,"column":48}},"145":{"start":{"line":146,"column":0},"end":{"line":146,"column":29}},"146":{"start":{"line":147,"column":0},"end":{"line":147,"column":46}},"147":{"start":{"line":148,"column":0},"end":{"line":148,"column":0}},"148":{"start":{"line":149,"column":0},"end":{"line":149,"column":20}},"149":{"start":{"line":150,"column":0},"end":{"line":150,"column":25}},"150":{"start":{"line":151,"column":0},"end":{"line":151,"column":14}},"151":{"start":{"line":152,"column":0},"end":{"line":152,"column":25}},"152":{"start":{"line":153,"column":0},"end":{"line":153,"column":7}},"153":{"start":{"line":154,"column":0},"end":{"line":154,"column":0}},"154":{"start":{"line":155,"column":0},"end":{"line":155,"column":22}},"155":{"start":{"line":156,"column":0},"end":{"line":156,"column":5}},"156":{"start":{"line":157,"column":0},"end":{"line":157,"column":0}},"157":{"start":{"line":158,"column":0},"end":{"line":158,"column":17}},"158":{"start":{"line":159,"column":0},"end":{"line":159,"column":50}},"159":{"start":{"line":160,"column":0},"end":{"line":160,"column":0}},"160":{"start":{"line":161,"column":0},"end":{"line":161,"column":10}},"161":{"start":{"line":162,"column":0},"end":{"line":162,"column":11}},"162":{"start":{"line":163,"column":0},"end":{"line":163,"column":21}},"163":{"start":{"line":164,"column":0},"end":{"line":164,"column":19}},"164":{"start":{"line":165,"column":0},"end":{"line":165,"column":21}},"165":{"start":{"line":166,"column":0},"end":{"line":166,"column":25}},"166":{"start":{"line":167,"column":0},"end":{"line":167,"column":6}},"167":{"start":{"line":168,"column":0},"end":{"line":168,"column":4}},"168":{"start":{"line":169,"column":0},"end":{"line":169,"column":1}},"169":{"start":{"line":170,"column":0},"end":{"line":170,"column":0}},"170":{"start":{"line":171,"column":0},"end":{"line":171,"column":23}},"171":{"start":{"line":172,"column":0},"end":{"line":172,"column":28}},"172":{"start":{"line":173,"column":0},"end":{"line":173,"column":20}},"173":{"start":{"line":174,"column":0},"end":{"line":174,"column":1}},"174":{"start":{"line":175,"column":0},"end":{"line":175,"column":0}},"175":{"start":{"line":176,"column":0},"end":{"line":176,"column":58}},"176":{"start":{"line":177,"column":0},"end":{"line":177,"column":27}},"177":{"start":{"line":178,"column":0},"end":{"line":178,"column":20}},"178":{"start":{"line":179,"column":0},"end":{"line":179,"column":23}},"179":{"start":{"line":180,"column":0},"end":{"line":180,"column":74}},"180":{"start":{"line":181,"column":0},"end":{"line":181,"column":24}},"181":{"start":{"line":182,"column":0},"end":{"line":182,"column":79}},"182":{"start":{"line":183,"column":0},"end":{"line":183,"column":22}},"183":{"start":{"line":184,"column":0},"end":{"line":184,"column":75}},"184":{"start":{"line":185,"column":0},"end":{"line":185,"column":14}},"185":{"start":{"line":186,"column":0},"end":{"line":186,"column":70}},"186":{"start":{"line":187,"column":0},"end":{"line":187,"column":5}},"187":{"start":{"line":188,"column":0},"end":{"line":188,"column":4}},"188":{"start":{"line":189,"column":0},"end":{"line":189,"column":0}},"189":{"start":{"line":190,"column":0},"end":{"line":190,"column":39}},"190":{"start":{"line":191,"column":0},"end":{"line":191,"column":0}},"191":{"start":{"line":192,"column":0},"end":{"line":192,"column":10}},"192":{"start":{"line":193,"column":0},"end":{"line":193,"column":76}},"193":{"start":{"line":194,"column":0},"end":{"line":194,"column":13}},"194":{"start":{"line":195,"column":0},"end":{"line":195,"column":11}},"195":{"start":{"line":196,"column":0},"end":{"line":196,"column":4}},"196":{"start":{"line":197,"column":0},"end":{"line":197,"column":1}}},"s":{"0":1,"1":1,"2":1,"3":1,"4":1,"5":1,"6":1,"7":1,"8":1,"9":1,"10":1,"11":42,"12":42,"13":42,"14":42,"15":42,"16":42,"17":42,"18":42,"19":42,"20":42,"21":42,"22":42,"23":42,"24":1,"25":25,"26":25,"27":25,"28":25,"29":75,"30":75,"31":75,"32":75,"33":25,"34":25,"35":25,"36":25,"37":1,"38":1,"39":1,"40":1,"41":1,"42":7,"43":7,"44":7,"45":7,"46":7,"47":7,"48":7,"49":7,"50":7,"51":7,"52":7,"53":21,"54":21,"55":21,"56":21,"57":21,"58":21,"59":21,"60":21,"61":7,"62":7,"63":7,"64":7,"65":1,"66":5,"67":5,"68":5,"69":5,"70":15,"71":15,"72":15,"73":15,"74":15,"75":5,"76":5,"77":5,"78":5,"79":1,"80":5,"81":5,"82":5,"83":5,"84":25,"85":25,"86":25,"87":25,"88":25,"89":25,"90":25,"91":25,"92":5,"93":5,"94":5,"95":5,"96":1,"97":1,"98":1,"99":1,"100":1,"101":1,"102":1,"103":1,"104":1,"105":1,"106":1,"107":7,"108":7,"109":7,"110":7,"111":7,"112":7,"113":7,"114":7,"115":7,"116":7,"117":7,"118":7,"119":7,"120":7,"121":7,"122":7,"123":7,"124":7,"125":7,"126":5,"127":5,"128":5,"129":5,"130":5,"131":5,"132":5,"133":5,"134":5,"135":2,"136":2,"137":2,"138":2,"139":2,"140":2,"141":2,"142":2,"143":2,"144":7,"145":11,"146":11,"147":11,"148":11,"149":2,"150":11,"151":9,"152":9,"153":11,"154":11,"155":11,"156":2,"157":2,"158":7,"159":7,"160":7,"161":7,"162":7,"163":7,"164":7,"165":7,"166":7,"167":7,"168":7,"169":1,"170":1,"171":1,"172":1,"173":1,"174":1,"175":1,"176":38,"177":38,"178":38,"179":3,"180":38,"181":4,"182":38,"183":3,"184":38,"185":28,"186":38,"187":38,"188":38,"189":38,"190":38,"191":38,"192":38,"193":38,"194":38,"195":38,"196":38},"branchMap":{"0":{"type":"branch","line":11,"loc":{"start":{"line":11,"column":7},"end":{"line":24,"column":1}},"locations":[{"start":{"line":11,"column":7},"end":{"line":24,"column":1}}]},"1":{"type":"branch","line":18,"loc":{"start":{"line":18,"column":17},"end":{"line":18,"column":45}},"locations":[{"start":{"line":18,"column":17},"end":{"line":18,"column":45}}]},"2":{"type":"branch","line":19,"loc":{"start":{"line":19,"column":17},"end":{"line":19,"column":85}},"locations":[{"start":{"line":19,"column":17},"end":{"line":19,"column":85}}]},"3":{"type":"branch","line":20,"loc":{"start":{"line":20,"column":17},"end":{"line":20,"column":57}},"locations":[{"start":{"line":20,"column":17},"end":{"line":20,"column":57}}]},"4":{"type":"branch","line":21,"loc":{"start":{"line":21,"column":17},"end":{"line":21,"column":53}},"locations":[{"start":{"line":21,"column":17},"end":{"line":21,"column":53}}]},"5":{"type":"branch","line":26,"loc":{"start":{"line":26,"column":0},"end":{"line":37,"column":1}},"locations":[{"start":{"line":26,"column":0},"end":{"line":37,"column":1}}]},"6":{"type":"branch","line":29,"loc":{"start":{"line":29,"column":25},"end":{"line":33,"column":10}},"locations":[{"start":{"line":29,"column":25},"end":{"line":33,"column":10}}]},"7":{"type":"branch","line":43,"loc":{"start":{"line":43,"column":0},"end":{"line":65,"column":1}},"locations":[{"start":{"line":43,"column":0},"end":{"line":65,"column":1}}]},"8":{"type":"branch","line":53,"loc":{"start":{"line":53,"column":19},"end":{"line":61,"column":10}},"locations":[{"start":{"line":53,"column":19},"end":{"line":61,"column":10}}]},"9":{"type":"branch","line":59,"loc":{"start":{"line":59,"column":35},"end":{"line":59,"column":89}},"locations":[{"start":{"line":59,"column":35},"end":{"line":59,"column":89}}]},"10":{"type":"branch","line":59,"loc":{"start":{"line":59,"column":74},"end":{"line":59,"column":95}},"locations":[{"start":{"line":59,"column":74},"end":{"line":59,"column":95}}]},"11":{"type":"branch","line":67,"loc":{"start":{"line":67,"column":0},"end":{"line":79,"column":1}},"locations":[{"start":{"line":67,"column":0},"end":{"line":79,"column":1}}]},"12":{"type":"branch","line":70,"loc":{"start":{"line":70,"column":25},"end":{"line":75,"column":10}},"locations":[{"start":{"line":70,"column":25},"end":{"line":75,"column":10}}]},"13":{"type":"branch","line":81,"loc":{"start":{"line":81,"column":0},"end":{"line":96,"column":1}},"locations":[{"start":{"line":81,"column":0},"end":{"line":96,"column":1}}]},"14":{"type":"branch","line":84,"loc":{"start":{"line":84,"column":25},"end":{"line":92,"column":10}},"locations":[{"start":{"line":84,"column":25},"end":{"line":92,"column":10}}]},"15":{"type":"branch","line":107,"loc":{"start":{"line":107,"column":7},"end":{"line":169,"column":1}},"locations":[{"start":{"line":107,"column":7},"end":{"line":169,"column":1}}]},"16":{"type":"branch","line":116,"loc":{"start":{"line":116,"column":18},"end":{"line":159,"column":5}},"locations":[{"start":{"line":116,"column":18},"end":{"line":159,"column":5}}]},"17":{"type":"branch","line":118,"loc":{"start":{"line":118,"column":17},"end":{"line":118,"column":24}},"locations":[{"start":{"line":118,"column":17},"end":{"line":118,"column":24}}]},"18":{"type":"branch","line":121,"loc":{"start":{"line":121,"column":14},"end":{"line":121,"column":21}},"locations":[{"start":{"line":121,"column":14},"end":{"line":121,"column":21}}]},"19":{"type":"branch","line":126,"loc":{"start":{"line":126,"column":9},"end":{"line":126,"column":35}},"locations":[{"start":{"line":126,"column":9},"end":{"line":126,"column":35}}]},"20":{"type":"branch","line":126,"loc":{"start":{"line":126,"column":22},"end":{"line":126,"column":59}},"locations":[{"start":{"line":126,"column":22},"end":{"line":126,"column":59}}]},"21":{"type":"branch","line":126,"loc":{"start":{"line":126,"column":59},"end":{"line":135,"column":5}},"locations":[{"start":{"line":126,"column":59},"end":{"line":135,"column":5}}]},"22":{"type":"branch","line":135,"loc":{"start":{"line":135,"column":4},"end":{"line":145,"column":47}},"locations":[{"start":{"line":135,"column":4},"end":{"line":145,"column":47}}]},"23":{"type":"branch","line":145,"loc":{"start":{"line":145,"column":47},"end":{"line":156,"column":5}},"locations":[{"start":{"line":145,"column":47},"end":{"line":156,"column":5}}]},"24":{"type":"branch","line":149,"loc":{"start":{"line":149,"column":19},"end":{"line":151,"column":13}},"locations":[{"start":{"line":149,"column":19},"end":{"line":151,"column":13}}]},"25":{"type":"branch","line":151,"loc":{"start":{"line":151,"column":6},"end":{"line":153,"column":7}},"locations":[{"start":{"line":151,"column":6},"end":{"line":153,"column":7}}]},"26":{"type":"branch","line":156,"loc":{"start":{"line":156,"column":4},"end":{"line":158,"column":17}},"locations":[{"start":{"line":156,"column":4},"end":{"line":158,"column":17}}]},"27":{"type":"branch","line":176,"loc":{"start":{"line":176,"column":7},"end":{"line":197,"column":1}},"locations":[{"start":{"line":176,"column":7},"end":{"line":197,"column":1}}]},"28":{"type":"branch","line":177,"loc":{"start":{"line":177,"column":20},"end":{"line":188,"column":4}},"locations":[{"start":{"line":177,"column":20},"end":{"line":188,"column":4}}]},"29":{"type":"branch","line":179,"loc":{"start":{"line":179,"column":6},"end":{"line":180,"column":74}},"locations":[{"start":{"line":179,"column":6},"end":{"line":180,"column":74}}]},"30":{"type":"branch","line":181,"loc":{"start":{"line":181,"column":6},"end":{"line":182,"column":79}},"locations":[{"start":{"line":181,"column":6},"end":{"line":182,"column":79}}]},"31":{"type":"branch","line":183,"loc":{"start":{"line":183,"column":6},"end":{"line":184,"column":75}},"locations":[{"start":{"line":183,"column":6},"end":{"line":184,"column":75}}]},"32":{"type":"branch","line":185,"loc":{"start":{"line":185,"column":6},"end":{"line":186,"column":70}},"locations":[{"start":{"line":185,"column":6},"end":{"line":186,"column":70}}]}},"b":{"0":[42],"1":[25],"2":[7],"3":[5],"4":[5],"5":[25],"6":[75],"7":[7],"8":[21],"9":[9],"10":[12],"11":[5],"12":[15],"13":[5],"14":[25],"15":[7],"16":[7],"17":[0],"18":[0],"19":[3],"20":[2],"21":[5],"22":[2],"23":[11],"24":[2],"25":[9],"26":[2],"27":[38],"28":[38],"29":[3],"30":[4],"31":[3],"32":[28]},"fnMap":{"0":{"name":"VoiceIndicator","decl":{"start":{"line":11,"column":7},"end":{"line":24,"column":1}},"loc":{"start":{"line":11,"column":7},"end":{"line":24,"column":1}},"line":11},"1":{"name":"IdleIndicator","decl":{"start":{"line":26,"column":0},"end":{"line":37,"column":1}},"loc":{"start":{"line":26,"column":0},"end":{"line":37,"column":1}},"line":26},"2":{"name":"ListeningIndicator","decl":{"start":{"line":43,"column":0},"end":{"line":65,"column":1}},"loc":{"start":{"line":43,"column":0},"end":{"line":65,"column":1}},"line":43},"3":{"name":"ProcessingIndicator","decl":{"start":{"line":67,"column":0},"end":{"line":79,"column":1}},"loc":{"start":{"line":67,"column":0},"end":{"line":79,"column":1}},"line":67},"4":{"name":"SpeakingIndicator","decl":{"start":{"line":81,"column":0},"end":{"line":96,"column":1}},"loc":{"start":{"line":81,"column":0},"end":{"line":96,"column":1}},"line":81},"5":{"name":"Waveform","decl":{"start":{"line":107,"column":7},"end":{"line":169,"column":1}},"loc":{"start":{"line":107,"column":7},"end":{"line":169,"column":1}
[...]
20}},"191":{"start":{"line":192,"column":0},"end":{"line":192,"column":18}},"192":{"start":{"line":193,"column":0},"end":{"line":193,"column":12}},"193":{"start":{"line":194,"column":0},"end":{"line":194,"column":0}},"194":{"start":{"line":195,"column":0},"end":{"line":195,"column":38}},"195":{"start":{"line":196,"column":0},"end":{"line":196,"column":14}},"196":{"start":{"line":197,"column":0},"end":{"line":197,"column":12}},"197":{"start":{"line":198,"column":0},"end":{"line":198,"column":0}},"198":{"start":{"line":199,"column":0},"end":{"line":199,"column":34}},"199":{"start":{"line":200,"column":0},"end":{"line":200,"column":35}},"200":{"start":{"line":201,"column":0},"end":{"line":201,"column":116}},"201":{"start":{"line":202,"column":0},"end":{"line":202,"column":84}},"202":{"start":{"line":203,"column":0},"end":{"line":203,"column":50}},"203":{"start":{"line":204,"column":0},"end":{"line":204,"column":152}},"204":{"start":{"line":205,"column":0},"end":{"line":205,"column":16}},"205":{"start":{"line":206,"column":0},"end":{"line":206,"column":14}},"206":{"start":{"line":207,"column":0},"end":{"line":207,"column":8}},"207":{"start":{"line":208,"column":0},"end":{"line":208,"column":0}},"208":{"start":{"line":209,"column":0},"end":{"line":209,"column":19}},"209":{"start":{"line":210,"column":0},"end":{"line":210,"column":51}},"210":{"start":{"line":211,"column":0},"end":{"line":211,"column":79}},"211":{"start":{"line":212,"column":0},"end":{"line":212,"column":16}},"212":{"start":{"line":213,"column":0},"end":{"line":213,"column":26}},"213":{"start":{"line":214,"column":0},"end":{"line":214,"column":25}},"214":{"start":{"line":215,"column":0},"end":{"line":215,"column":54}},"215":{"start":{"line":216,"column":0},"end":{"line":216,"column":37}},"216":{"start":{"line":217,"column":0},"end":{"line":217,"column":46}},"217":{"start":{"line":218,"column":0},"end":{"line":218,"column":34}},"218":{"start":{"line":219,"column":0},"end":{"line":219,"column":30}},"219":{"start":{"line":220,"column":0},"end":{"line":220,"column":12}},"220":{"start":{"line":221,"column":0},"end":{"line":221,"column":72}},"221":{"start":{"line":222,"column":0},"end":{"line":222,"column":16}},"222":{"start":{"line":223,"column":0},"end":{"line":223,"column":19}},"223":{"start":{"line":224,"column":0},"end":{"line":224,"column":15}},"224":{"start":{"line":225,"column":0},"end":{"line":225,"column":12}},"225":{"start":{"line":226,"column":0},"end":{"line":226,"column":10}},"226":{"start":{"line":227,"column":0},"end":{"line":227,"column":4}},"227":{"start":{"line":228,"column":0},"end":{"line":228,"column":1}}},"s":{"0":1,"1":1,"2":1,"3":1,"4":1,"5":1,"6":1,"7":1,"8":1,"9":1,"10":1,"11":1,"12":1,"13":1,"14":1,"15":1,"16":1,"17":1,"18":1,"19":1,"20":1,"21":1,"22":1,"23":1,"24":1,"25":1,"26":1,"27":1,"28":1,"29":1,"30":104,"31":104,"32":104,"33":104,"34":104,"35":104,"36":104,"37":104,"38":104,"39":104,"40":104,"41":104,"42":104,"43":104,"44":104,"45":104,"46":34,"47":13,"48":13,"49":104,"50":104,"51":104,"52":40,"53":104,"54":104,"55":104,"56":104,"57":3,"58":3,"59":3,"60":3,"61":3,"62":3,"63":3,"64":3,"65":3,"66":3,"67":3,"68":3,"69":3,"70":3,"71":3,"72":3,"73":1,"74":1,"75":3,"76":3,"77":3,"78":3,"79":3,"80":3,"81":3,"82":3,"83":3,"84":3,"85":3,"86":3,"87":3,"88":104,"89":104,"90":104,"91":3,"92":3,"93":3,"94":3,"95":3,"96":3,"97":3,"98":104,"99":104,"100":43,"101":0,"102":0,"103":0,"104":43,"105":104,"106":104,"107":104,"108":104,"109":104,"110":104,"111":104,"112":104,"113":104,"114":104,"115":104,"116":104,"117":82,"118":104,"119":104,"120":104,"121":104,"122":104,"123":104,"124":104,"125":104,"126":104,"127":104,"128":104,"129":104,"130":91,"131":91,"132":91,"133":91,"134":91,"135":91,"136":91,"137":91,"138":91,"139":273,"140":273,"141":273,"142":273,"143":273,"144":273,"145":273,"146":91,"147":91,"148":91,"149":104,"150":104,"151":104,"152":21,"153":21,"154":21,"155":21,"156":21,"157":21,"158":21,"159":12,"160":9,"161":21,"162":21,"163":21,"164":21,"165":3,"166":3,"167":3,"168":21,"169":21,"170":21,"171":104,"172":104,"173":104,"174":1,"175":1,"176":1,"177":1,"178":1,"179":1,"180":104,"181":104,"182":104,"183":2,"184":2,"185":2,"186":2,"187":2,"188":2,"189":2,"190":2,"191":2,"192":104,"193":104,"194":104,"195":104,"196":104,"197":104,"198":104,"199":104,"200":2,"201":2,"202":2,"203":2,"204":2,"205":2,"206":104,"207":104,"208":104,"209":104,"210":104,"211":104,"212":104,"213":104,"214":104,"215":104,"216":104,"217":104,"218":104,"219":104,"220":104,"221":104,"222":104,"223":104,"224":104,"225":104,"226":104,"227":104},"branchMap":{"0":{"type":"branch","line":31,"loc":{"start":{"line":31,"column":0},"end":{"line":228,"column":1}},"locations":[{"start":{"line":31,"column":0},"end":{"line":228,"column":1}}]},"1":{"type":"branch","line":116,"loc":{"start":{"line":116,"column":57},"end":{"line":116,"column":81}},"locations":[{"start":{"line":116,"column":57},"end":{"line":116,"column":81}}]},"2":{"type":"branch","line":116,"loc":{"start":{"line":116,"column":66},"end":{"line":116,"column":94}},"locations":[{"start":{"line":116,"column":66},"end":{"line":116,"column":94}}]},"3":{"type":"branch","line":117,"loc":{"start":{"line":117,"column":13},"end":{"line":117,"column":42}},"locations":[{"start":{"line":117,"column":13},"end":{"line":117,"column":42}}]},"4":{"type":"branch","line":117,"loc":{"start":{"line":117,"column":22},"end":{"line":118,"column":102}},"locations":[{"start":{"line":117,"column":22},"end":{"line":118,"column":102}}]},"5":{"type":"branch","line":130,"loc":{"start":{"line":130,"column":31},"end":{"line":130,"column":53}},"locations":[{"start":{"line":130,"column":31},"end":{"line":130,"column":53}}]},"6":{"type":"branch","line":130,"loc":{"start":{"line":130,"column":37},"end":{"line":149,"column":18}},"locations":[{"start":{"line":130,"column":37},"end":{"line":149,"column":18}}]},"7":{"type":"branch","line":174,"loc":{"start":{"line":174,"column":11},"end":{"line":174,"column":47}},"locations":[{"start":{"line":174,"column":11},"end":{"line":174,"column":47}}]},"8":{"type":"branch","line":174,"loc":{"start":{"line":174,"column":26},"end":{"line":180,"column":18}},"locations":[{"start":{"line":174,"column":26},"end":{"line":180,"column":18}}]},"9":{"type":"branch","line":183,"loc":{"start":{"line":183,"column":11},"end":{"line":183,"column":48}},"locations":[{"start":{"line":183,"column":11},"end":{"line":183,"column":48}}]},"10":{"type":"branch","line":183,"loc":{"start":{"line":183,"column":27},"end":{"line":192,"column":18}},"locations":[{"start":{"line":183,"column":27},"end":{"line":192,"column":18}}]},"11":{"type":"branch","line":200,"loc":{"start":{"line":200,"column":7},"end":{"line":200,"column":35}},"locations":[{"start":{"line":200,"column":7},"end":{"line":200,"column":35}}]},"12":{"type":"branch","line":200,"loc":{"start":{"line":200,"column":16},"end":{"line":206,"column":14}},"locations":[{"start":{"line":200,"column":16},"end":{"line":206,"column":14}}]},"13":{"type":"branch","line":221,"loc":{"start":{"line":221,"column":54},"end":{"line":221,"column":72}},"locations":[{"start":{"line":221,"column":54},"end":{"line":221,"column":72}}]},"14":{"type":"branch","line":42,"loc":{"start":{"line":42,"column":13},"end":{"line":42,"column":70}},"locations":[{"start":{"line":42,"column":13},"end":{"line":42,"column":70}}]},"15":{"type":"branch","line":46,"loc":{"start":{"line":46,"column":12},"end":{"line":50,"column":5}},"locations":[{"start":{"line":46,"column":12},"end":{"line":50,"column":5}}]},"16":{"type":"branch","line":47,"loc":{"start":{"line":47,"column":8},"end":{"line":47,"column":27}},"locations":[{"start":{"line":47,"column":8},"end":{"line":47,"column":27}}]},"17":{"type":"branch","line":47,"loc":{"start":{"line":47,"column":27},"end":{"line":49,"column":5}},"locations":[{"start":{"line":47,"column":27},"end":{"line":49,"column":5}}]},"18":{"type":"branch","line":52,"loc":{"start":{"line":52,"column":12},"end":{"line":54,"column":5}},"locations":[{"start":{"line":52,"column":12},"end":{"line":54,"column":5}}]},"19":{"type":"branch","line":57,"loc":{"start":{"line":57,"column":16},"end":{"line":88,"column":6}},"locations":[{"start":{"line":57,"column":16},"end":{"line":88,"column":6}}]},"20":{"type":"branch","line":67,"loc":{"start":{"line":67,"column":18},"end":{"line":67,"column":48}},"locations":[{"start":{"line":67,"column":18},"end":{"line":67,"column":48}}]},"21":{"type":"branch","line":73,"loc":{"start":{"line":73,"column":9},"end":{"line":76,"column":7}},"locations":[{"start":{"line":73,"column":9},"end":{"line":76,"column":7}}]},"22":{"type":"branch","line":85,"loc":{"start":{"line":85,"column":18},"end":{"line":85,"column":53}},"locations":[{"start":{"line":85,"column":18},"end":{"line":85,"column":53}}]},"23":{"type":"branch","line":91,"loc":{"start":{"line":91,"column":23},"end":{"line":98,"column":4}},"locations":[{"start":{"line":91,"column":23},"end":{"line":98,"column":4}}]},"24":{"type":"branch","line":93,"loc":{"start":{"line":93,"column":38},"end":{"line":93,"column":45}},"locations":[{"start":{"line":93,"column":38},"end":{"line":93,"column":45}}]},"25":{"type":"branch","line":100,"loc":{"start":{"line":100,"column":24},"end":{"line":105,"column":4}},"locations":[{"start":{"line":100,"column":24},"end":{"line":105,"column":4}}]},"26":{"type":"branch","line":101,"loc":{"start":{"line":101,"column":18},"end":{"line":101,"column":42}},"locations":[{"start":{"line":101,"column":18},"end":{"line":101,"column":42}}]},"27":{"type":"branch","line":101,"loc":{"start":{"line":101,"column":42},"end":{"line":104,"column":5}},"locations":[{"start":{"line":101,"column":42},"end":{"line":104,"column":5}}]},"28":{"type":"branch","line":139,"loc":{"start":{"line":139,"column":106},"end":{"line":146,"column":27}},"locations":[{"start":{"line":139,"column":106},"end":{"line":146,"column":27}}]},"29":{"type":"branch","line":142,"loc":{"start":{"line":142,"column":29},"end":{"line":142,"column":52}},"locations":[{"start":{"line":142,"column":29},"end":{"line":142,"column":52}}]},"30":{"type":"branch","line":152,"loc":{"start":{"line":152,"column":24},"end":{"line":171,"column":18}},"locations":[{"start":{"line":152,"column":24},"end":{"line":171,"column":18}}]},"31":{"type":"branch","line":155,"loc":{"start":{"line":155,"column":50},"end":{"line":155,"column":75}},"locations":[{"start":{"line":155,"column":50},"end":{"line":155,"column":75}}]},"32":{"type":"branch","line":155,"loc":{"start":{"line":155,"column":59},"end":{"line":155,"column":90}},"locations":[{"start":{"line":155,"column":59},"end":{"line":155,"column":90}}]},"33":{"type":"branch","line":159,"loc":{"start":{"line":159,"column":35},"end":{"line":160,"column":46}},"locations":[{"start":{"line":159,"column":35},"end":{"line":160,"column":46}}]},"34":{"type":"branch","line":160,"loc":{"start":{"line":160,"column":22},"end":{"line":161,"column":53}},"locations":[{"start":{"line":160,"column":22},"end":{"line":161,"column":53}}]},"35":{"type":"branch","line":165,"loc":{"start":{"line":165,"column":25},"end":{"line":168,"column":24}},"locations":[{"start":{"line":165,"column":25},"end":{"line":168,"column":24}}]},"36":{"type":"branch","line":215,"loc":{"start":{"line":215,"column":22},"end":{"line":215,"column":54}},"locations":[{"start":{"line":215,"column":22},"end":{"line":215,"column":54}}]}},"b":{"0":[104],"1":[82],"2":[21],"3":[82],"4":[82],"5":[91],"6":[91],"7":[3],"8":[1],"9":[3],"10":[2],"11":[82],"12":[2],"13":[44],"14":[21],"15":[34],"16":[13],"17":[13],"18":[40],"19":[3],"20":[3],"21":[1],"22":[3],"23":[3],"24":[0],"25":[43],"26":[0],"27":[0],"28":[273],"29":[1],"30":[21],"31":[12],"32":[9],"33":[12],"34":[9],"35":[3],"36":[43]},"fnMap":{"0":{"name":"TutorSession","decl":{"start":{"line":31,"column":0},"end":{"line":228,"column":1}},"loc":{"start":{"line":31,"column":0},"end":{"line":228,"column":1}},"line":31},"1":{"name":"queryFn","decl":{"start":{"line":42,"column":13},"end":{"line":42,"column":70}},"loc":{"start":{"line":42,"column":13},"end":{"line":42,"column":70}},"line":42},"2":{"name":"mutationFn","decl":{"start":{"line":57,"column":16},"end":{"line":88,"column":6}},"loc":{"start":{"line":57,"column":16},"end":{"line":88,"column":6}},"line":57},"3":{"name":"handleSubmit","decl":{"start":{"line":91,"column":23},"end":{"line":98,"column":4}},"loc":{"start":{"line":91,"column":23},"end":{"line":98,"column":4}},"line":91},"4":{"name":"handleKeyDown","decl":{"start":{"line":100,"column":24},"end":{"line":105,"column":4}},"loc":{"start":{"line":100,"column":24},"end":{"line":105,"column":4}},"line":100},"5":{"name":"onClick","decl":{"start":{"line":142,"column":29},"end":{"line":142,"column":52}},"loc":{"start":{"line":142,"column":29},"end":{"line":142,"column":52}},"line":142},"6":{"name":"onChange","decl":{"start":{"line":215,"column":22},"end":{"line":215,"column":54}},"loc":{"start":{"line":215,"column":22},"end":{"line":215,"column":54}},"line":215}},"f":{"0":104,"1":21,"2":3,"3":3,"4":43,"5":1,"6":43}}
,"/Users/tylerhoran/mentor/frontend/src/stores/auth.ts": {"path":"/Users/tylerhoran/mentor/frontend/src/stores/auth.ts","all":true,"statementMap":{"0":{"start":{"line":1,"column":0},"end":{"line":1,"column":32}},"1":{"start":{"line":2,"column":0},"end":{"line":2,"column":44}},"2":{"start":{"line":3,"column":0},"end":{"line":3,"column":41}},"3":{"start":{"line":4,"column":0},"end":{"line":4,"column":0}},"4":{"start":{"line":5,"column":0},"end":{"line":5,"column":16}},"5":{"start":{"line":6,"column":0},"end":{"line":6,"column":12}},"6":{"start":{"line":7,"column":0},"end":{"line":7,"column":15}},"7":{"start":{"line":8,"column":0},"end":{"line":8,"column":26}},"8":{"start":{"line":9,"column":0},"end":{"line":9,"column":54}},"9":{"start":{"line":10,"column":0},"end":{"line":10,"column":31}},"10":{"start":{"line":11,"column":0},"end":{"line":11,"column":1}},"11":{"start":{"line":12,"column":0},"end":{"line":12,"column":0}},"12":{"start":{"line":13,"column":0},"end":{"line":13,"column":21}},"13":{"start":{"line":14,"column":0},"end":{"line":14,"column":19}},"14":{"start":{"line":15,"column":0},"end":{"line":15,"column":26}},"15":{"start":{"line":16,"column":0},"end":{"line":16,"column":20}},"16":{"start":{"line":17,"column":0},"end":{"line":17,"column":59}},"17":{"start":{"line":18,"column":0},"end":{"line":18,"column":94}},"18":{"start":{"line":19,"column":0},"end":{"line":19,"column":20}},"19":{"start":{"line":20,"column":0},"end":{"line":20,"column":32}},"20":{"start":{"line":21,"column":0},"end":{"line":21,"column":1}},"21":{"start":{"line":22,"column":0},"end":{"line":22,"column":0}},"22":{"start":{"line":23,"column":0},"end":{"line":23,"column":48}},"23":{"start":{"line":24,"column":0},"end":{"line":24,"column":10}},"24":{"start":{"line":25,"column":0},"end":{"line":25,"column":15}},"25":{"start":{"line":26,"column":0},"end":{"line":26,"column":17}},"26":{"start":{"line":27,"column":0},"end":{"line":27,"column":29}},"27":{"start":{"line":28,"column":0},"end":{"line":28,"column":23}},"28":{"start":{"line":29,"column":0},"end":{"line":29,"column":0}},"29":{"start":{"line":30,"column":0},"end":{"line":30,"column":57}},"30":{"start":{"line":31,"column":0},"end":{"line":31,"column":32}},"31":{"start":{"line":32,"column":0},"end":{"line":32,"column":13}},"32":{"start":{"line":33,"column":0},"end":{"line":33,"column":49}},"33":{"start":{"line":34,"column":0},"end":{"line":34,"column":32}},"34":{"start":{"line":35,"column":0},"end":{"line":35,"column":33}},"35":{"start":{"line":36,"column":0},"end":{"line":36,"column":48}},"36":{"start":{"line":37,"column":0},"end":{"line":37,"column":0}},"37":{"start":{"line":38,"column":0},"end":{"line":38,"column":51}},"38":{"start":{"line":39,"column":0},"end":{"line":39,"column":71}},"39":{"start":{"line":40,"column":0},"end":{"line":40,"column":0}},"40":{"start":{"line":41,"column":0},"end":{"line":41,"column":28}},"41":{"start":{"line":42,"column":0},"end":{"line":42,"column":60}},"42":{"start":{"line":43,"column":0},"end":{"line":43,"column":64}},"43":{"start":{"line":44,"column":0},"end":{"line":44,"column":25}},"44":{"start":{"line":45,"column":0},"end":{"line":45,"column":35}},"45":{"start":{"line":46,"column":0},"end":{"line":46,"column":21}},"46":{"start":{"line":47,"column":0},"end":{"line":47,"column":9}},"47":{"start":{"line":48,"column":0},"end":{"line":48,"column":8}},"48":{"start":{"line":49,"column":0},"end":{"line":49,"column":0}},"49":{"start":{"line":50,"column":0},"end":{"line":50,"column":92}},"50":{"start":{"line":51,"column":0},"end":{"line":51,"column":32}},"51":{"start":{"line":52,"column":0},"end":{"line":52,"column":13}},"52":{"start":{"line":53,"column":0},"end":{"line":53,"column":50}},"53":{"start":{"line":54,"column":0},"end":{"line":54,"column":18}},"54":{"start":{"line":55,"column":0},"end":{"line":55,"column":21}},"55":{"start":{"line":56,"column":0},"end":{"line":56,"column":32}},"56":{"start":{"line":57,"column":0},"end":{"line":57,"column":17}},"57":{"start":{"line":58,"column":0},"end":{"line":58,"column":12}},"58":{"start":{"line":59,"column":0},"end":{"line":59,"column":35}},"59":{"start":{"line":60,"column":0},"end":{"line":60,"column":25}},"60":{"start":{"line":61,"column":0},"end":{"line":61,"column":35}},"61":{"start":{"line":62,"column":0},"end":{"line":62,"column":21}},"62":{"start":{"line":63,"column":0},"end":{"line":63,"column":9}},"63":{"start":{"line":64,"column":0},"end":{"line":64,"column":8}},"64":{"start":{"line":65,"column":0},"end":{"line":65,"column":0}},"65":{"start":{"line":66,"column":0},"end":{"line":66,"column":21}},"66":{"start":{"line":67,"column":0},"end":{"line":67,"column":32}},"67":{"start":{"line":68,"column":0},"end":{"line":68,"column":48}},"68":{"start":{"line":69,"column":0},"end":{"line":69,"column":51}},"69":{"start":{"line":70,"column":0},"end":{"line":70,"column":8}},"70":{"start":{"line":71,"column":0},"end":{"line":71,"column":0}},"71":{"start":{"line":72,"column":0},"end":{"line":72,"column":30}},"72":{"start":{"line":73,"column":0},"end":{"line":73,"column":13}},"73":{"start":{"line":74,"column":0},"end":{"line":74,"column":60}},"74":{"start":{"line":75,"column":0},"end":{"line":75,"column":46}},"75":{"start":{"line":76,"column":0},"end":{"line":76,"column":17}},"76":{"start":{"line":77,"column":0},"end":{"line":77,"column":53}},"77":{"start":{"line":78,"column":0},"end":{"line":78,"column":9}},"78":{"start":{"line":79,"column":0},"end":{"line":79,"column":8}},"79":{"start":{"line":80,"column":0},"end":{"line":80,"column":7}},"80":{"start":{"line":81,"column":0},"end":{"line":81,"column":5}},"81":{"start":{"line":82,"column":0},"end":{"line":82,"column":27}},"82":{"start":{"line":83,"column":0},"end":{"line":83,"column":92}},"83":{"start":{"line":84,"column":0},"end":{"line":84,"column":5}},"84":{"start":{"line":85,"column":0},"end":{"line":85,"column":3}},"85":{"start":{"line":86,"column":0},"end":{"line":86,"column":1}}},"s":{"0":0,"1":0,"2":0,"3":0,"4":0,"5":0,"6":0,"7":0,"8":0,"9":0,"10":0,"11":0,"12":0,"13":0,"14":0,"15":0,"16":0,"17":0,"18":0,"19":0,"20":0,"21":0,"22":0,"23":0,"24":0,"25":0,"26":0,"27":0,"28":0,"29":0,"30":0,"31":0,"32":0,"33":0,"34":0,"35":0,"36":0,"37":0,"38":0,"39":0,"40":0,"41":0,"42":0,"43":0,"44":0,"45":0,"46":0,"47":0,"48":0,"49":0,"50":0,"51":0,"52":0,"53":0,"54":0,"55":0,"56":0,"57":0,"58":0,"59":0,"60":0,"61":0,"62":0,"63":0,"64":0,"65":0,"66":0,"67":0,"68":0,"69":0,"70":0,"71":0,"72":0,"73":0,"74":0,"75":0,"76":0,"77":0,"78":0,"79":0,"80":0,"81":0,"82":0,"83":0,"84":0,"85":0},"branchMap":{"0":{"type":"branch","line":1,"loc":{"start":{"line":1,"column":2383},"end":{"line":86,"column":1}},"locations":[{"start":{"line":1,"column":2383},"end":{"line":86,"column":1}}]}},"b":{"0":[0]},"fnMap":{"0":{"name":"(empty-report)","decl":{"start":{"line":1,"column":2383},"end":{"line":86,"column":1}},"loc":{"start":{"line":1,"column":2383},"end":{"line":86,"column":1}},"line":1}},"f":{"0":0}}
}
